Detecting adapter sequence for read1...
No adapter detected for read1

Detecting adapter sequence for read2...
No adapter detected for read2

Read1 before filtering:
total reads: 86986
total bases: 26182786
Q20 bases: 25117520(95.9314%)
Q30 bases: 22499126(85.931%)

Read2 before filtering:
total reads: 86986
total bases: 26182786
Q20 bases: 24857797(94.9395%)
Q30 bases: 22009363(84.0604%)

Read1 after filtering:
total reads: 86372
total bases: 16307994
Q20 bases: 15830777(97.0737%)
Q30 bases: 14409860(88.3607%)

Read2 after filtering:
total reads: 86372
total bases: 16315567
Q20 bases: 15571197(95.4377%)
Q30 bases: 13777831(84.4459%)

Filtering result:
reads passed filter: 172744
reads failed due to low quality: 720
reads failed due to too many N: 2
reads failed due to too short: 506
reads with adapter trimmed: 115986
bases trimmed due to adapters: 8700084

Duplication rate: 13.2044%

Insert size peak (evaluated by paired-end reads): 167

JSON report: /home/sam/gitrepos/RobertsLab/project-eDNA-yellow/output/01.00-trimming-fastp-fastqc-multiqc/fastp-Yell-July18-Site5u_S126_L001.fastp-trim.report.json
HTML report: /home/sam/gitrepos/RobertsLab/project-eDNA-yellow/output/01.00-trimming-fastp-fastqc-multiqc/fastp-Yell-July18-Site5u_S126_L001.fastp-trim.report.html

/home/sam/programs/fastp --in1 Yell_July18_Site5u_S126_R1_001.fastq.gz --in2 Yell_July18_Site5u_S126_R2_001.fastq.gz --detect_adapter_for_pe --trim_front1 20 --trim_front2 20 --trim_poly_g --thread 4 --html /home/sam/gitrepos/RobertsLab/project-eDNA-yellow/output/01.00-trimming-fastp-fastqc-multiqc/fastp-Yell-July18-Site5u_S126_L001.fastp-trim.report.html --json /home/sam/gitrepos/RobertsLab/project-eDNA-yellow/output/01.00-trimming-fastp-fastqc-multiqc/fastp-Yell-July18-Site5u_S126_L001.fastp-trim.report.json --out1 /home/sam/gitrepos/RobertsLab/project-eDNA-yellow/output/01.00-trimming-fastp-fastqc-multiqc/fastp-Yell-July18-Site5u_S126_L001_R1_001.fastq.gz --out2 /home/sam/gitrepos/RobertsLab/project-eDNA-yellow/output/01.00-trimming-fastp-fastqc-multiqc/fastp-Yell-July18-Site5u_S126_L001_R2_001.fastq.gz 
fastp v0.24.0, time used: 18 seconds
