Detecting adapter sequence for read1...
No adapter detected for read1

Detecting adapter sequence for read2...
No adapter detected for read2

Read1 before filtering:
total reads: 168168
total bases: 50618568
Q20 bases: 48866595(96.5389%)
Q30 bases: 44716412(88.3399%)

Read2 before filtering:
total reads: 168168
total bases: 50618568
Q20 bases: 48301102(95.4217%)
Q30 bases: 43413155(85.7653%)

Read1 after filtering:
total reads: 167256
total bases: 31259989
Q20 bases: 30494953(97.5527%)
Q30 bases: 28226055(90.2945%)

Read2 after filtering:
total reads: 167256
total bases: 31270828
Q20 bases: 29981373(95.8765%)
Q30 bases: 26850351(85.8639%)

Filtering result:
reads passed filter: 334512
reads failed due to low quality: 954
reads failed due to too many N: 0
reads failed due to too short: 870
reads with adapter trimmed: 231082
bases trimmed due to adapters: 17367368

Duplication rate: 25.1409%

Insert size peak (evaluated by paired-end reads): 167

JSON report: /home/sam/gitrepos/RobertsLab/project-eDNA-yellow/output/01.00-trimming-fastp-fastqc-multiqc/fastp-Yell-July18-Site1r_S111_L001.fastp-trim.report.json
HTML report: /home/sam/gitrepos/RobertsLab/project-eDNA-yellow/output/01.00-trimming-fastp-fastqc-multiqc/fastp-Yell-July18-Site1r_S111_L001.fastp-trim.report.html

/home/sam/programs/fastp --in1 Yell_July18_Site1r_S111_R1_001.fastq.gz --in2 Yell_July18_Site1r_S111_R2_001.fastq.gz --detect_adapter_for_pe --trim_front1 20 --trim_front2 20 --trim_poly_g --thread 4 --html /home/sam/gitrepos/RobertsLab/project-eDNA-yellow/output/01.00-trimming-fastp-fastqc-multiqc/fastp-Yell-July18-Site1r_S111_L001.fastp-trim.report.html --json /home/sam/gitrepos/RobertsLab/project-eDNA-yellow/output/01.00-trimming-fastp-fastqc-multiqc/fastp-Yell-July18-Site1r_S111_L001.fastp-trim.report.json --out1 /home/sam/gitrepos/RobertsLab/project-eDNA-yellow/output/01.00-trimming-fastp-fastqc-multiqc/fastp-Yell-July18-Site1r_S111_L001_R1_001.fastq.gz --out2 /home/sam/gitrepos/RobertsLab/project-eDNA-yellow/output/01.00-trimming-fastp-fastqc-multiqc/fastp-Yell-July18-Site1r_S111_L001_R2_001.fastq.gz 
fastp v0.24.0, time used: 22 seconds
