Detecting adapter sequence for read1...
No adapter detected for read1

Detecting adapter sequence for read2...
No adapter detected for read2

Read1 before filtering:
total reads: 203100
total bases: 61133100
Q20 bases: 58683110(95.9924%)
Q30 bases: 52792953(86.3574%)

Read2 before filtering:
total reads: 203100
total bases: 61133100
Q20 bases: 57880037(94.6787%)
Q30 bases: 51418976(84.1099%)

Read1 after filtering:
total reads: 200345
total bases: 33969437
Q20 bases: 33044905(97.2783%)
Q30 bases: 30527582(89.8678%)

Read2 after filtering:
total reads: 200345
total bases: 34076932
Q20 bases: 32255977(94.6563%)
Q30 bases: 28284905(83.0031%)

Filtering result:
reads passed filter: 400690
reads failed due to low quality: 3340
reads failed due to too many N: 2
reads failed due to too short: 2168
reads with adapter trimmed: 276982
bases trimmed due to adapters: 20812678

Duplication rate: 24.3747%

Insert size peak (evaluated by paired-end reads): 167

JSON report: /home/sam/gitrepos/RobertsLab/project-eDNA-yellow/output/01.00-trimming-fastp-fastqc-multiqc/fastp-Yell-July18-Site5b_S88_L001.fastp-trim.report.json
HTML report: /home/sam/gitrepos/RobertsLab/project-eDNA-yellow/output/01.00-trimming-fastp-fastqc-multiqc/fastp-Yell-July18-Site5b_S88_L001.fastp-trim.report.html

/home/sam/programs/fastp --in1 Yell_July18_Site5b_S88_R1_001.fastq.gz --in2 Yell_July18_Site5b_S88_R2_001.fastq.gz --detect_adapter_for_pe --trim_front1 20 --trim_front2 20 --trim_poly_g --thread 4 --html /home/sam/gitrepos/RobertsLab/project-eDNA-yellow/output/01.00-trimming-fastp-fastqc-multiqc/fastp-Yell-July18-Site5b_S88_L001.fastp-trim.report.html --json /home/sam/gitrepos/RobertsLab/project-eDNA-yellow/output/01.00-trimming-fastp-fastqc-multiqc/fastp-Yell-July18-Site5b_S88_L001.fastp-trim.report.json --out1 /home/sam/gitrepos/RobertsLab/project-eDNA-yellow/output/01.00-trimming-fastp-fastqc-multiqc/fastp-Yell-July18-Site5b_S88_L001_R1_001.fastq.gz --out2 /home/sam/gitrepos/RobertsLab/project-eDNA-yellow/output/01.00-trimming-fastp-fastqc-multiqc/fastp-Yell-July18-Site5b_S88_L001_R2_001.fastq.gz 
fastp v0.24.0, time used: 29 seconds
