Detecting adapter sequence for read1...
No adapter detected for read1

Detecting adapter sequence for read2...
No adapter detected for read2

Read1 before filtering:
total reads: 518860
total bases: 156176860
Q20 bases: 148854150(95.3113%)
Q30 bases: 128921349(82.5483%)

Read2 before filtering:
total reads: 518860
total bases: 156176860
Q20 bases: 147549716(94.476%)
Q30 bases: 128167051(82.0653%)

Read1 after filtering:
total reads: 515182
total bases: 101805566
Q20 bases: 98582909(96.8345%)
Q30 bases: 89269843(87.6866%)

Read2 after filtering:
total reads: 515182
total bases: 101867069
Q20 bases: 96590515(94.8202%)
Q30 bases: 83587579(82.0555%)

Filtering result:
reads passed filter: 1030364
reads failed due to low quality: 4484
reads failed due to too many N: 4
reads failed due to too short: 2868
reads with adapter trimmed: 631186
bases trimmed due to adapters: 47291979

Duplication rate: 15.9263%

Insert size peak (evaluated by paired-end reads): 167

JSON report: /home/sam/gitrepos/RobertsLab/project-eDNA-yellow/output/01.00-trimming-fastp-fastqc-multiqc/fastp-Yell-July18-Site5z_S131_L001.fastp-trim.report.json
HTML report: /home/sam/gitrepos/RobertsLab/project-eDNA-yellow/output/01.00-trimming-fastp-fastqc-multiqc/fastp-Yell-July18-Site5z_S131_L001.fastp-trim.report.html

/home/sam/programs/fastp --in1 Yell_July18_Site5z_S131_R1_001.fastq.gz --in2 Yell_July18_Site5z_S131_R2_001.fastq.gz --detect_adapter_for_pe --trim_front1 20 --trim_front2 20 --trim_poly_g --thread 4 --html /home/sam/gitrepos/RobertsLab/project-eDNA-yellow/output/01.00-trimming-fastp-fastqc-multiqc/fastp-Yell-July18-Site5z_S131_L001.fastp-trim.report.html --json /home/sam/gitrepos/RobertsLab/project-eDNA-yellow/output/01.00-trimming-fastp-fastqc-multiqc/fastp-Yell-July18-Site5z_S131_L001.fastp-trim.report.json --out1 /home/sam/gitrepos/RobertsLab/project-eDNA-yellow/output/01.00-trimming-fastp-fastqc-multiqc/fastp-Yell-July18-Site5z_S131_L001_R1_001.fastq.gz --out2 /home/sam/gitrepos/RobertsLab/project-eDNA-yellow/output/01.00-trimming-fastp-fastqc-multiqc/fastp-Yell-July18-Site5z_S131_L001_R2_001.fastq.gz 
fastp v0.24.0, time used: 32 seconds
