Detecting adapter sequence for read1...
No adapter detected for read1

Detecting adapter sequence for read2...
No adapter detected for read2

Read1 before filtering:
total reads: 152346
total bases: 45856146
Q20 bases: 43366767(94.5713%)
Q30 bases: 36974924(80.6324%)

Read2 before filtering:
total reads: 152346
total bases: 45856146
Q20 bases: 43938438(95.818%)
Q30 bases: 40102943(87.4538%)

Read1 after filtering:
total reads: 151517
total bases: 22768039
Q20 bases: 22200196(97.506%)
Q30 bases: 20702761(90.929%)

Read2 after filtering:
total reads: 151517
total bases: 22794455
Q20 bases: 22131838(97.0931%)
Q30 bases: 20521630(90.029%)

Filtering result:
reads passed filter: 303034
reads failed due to low quality: 1112
reads failed due to too many N: 2
reads failed due to too short: 544
reads with adapter trimmed: 285188
bases trimmed due to adapters: 21487741

Duplication rate: 20.0248%

Insert size peak (evaluated by paired-end reads): 167

JSON report: /home/sam/gitrepos/RobertsLab/project-eDNA-yellow/output/01.00-trimming-fastp-fastqc-multiqc/fastp-Yell-July18-Site1q_S106_L001.fastp-trim.report.json
HTML report: /home/sam/gitrepos/RobertsLab/project-eDNA-yellow/output/01.00-trimming-fastp-fastqc-multiqc/fastp-Yell-July18-Site1q_S106_L001.fastp-trim.report.html

/home/sam/programs/fastp --in1 Yell_July18_Site1q_S106_R1_001.fastq.gz --in2 Yell_July18_Site1q_S106_R2_001.fastq.gz --detect_adapter_for_pe --trim_front1 20 --trim_front2 20 --trim_poly_g --thread 4 --html /home/sam/gitrepos/RobertsLab/project-eDNA-yellow/output/01.00-trimming-fastp-fastqc-multiqc/fastp-Yell-July18-Site1q_S106_L001.fastp-trim.report.html --json /home/sam/gitrepos/RobertsLab/project-eDNA-yellow/output/01.00-trimming-fastp-fastqc-multiqc/fastp-Yell-July18-Site1q_S106_L001.fastp-trim.report.json --out1 /home/sam/gitrepos/RobertsLab/project-eDNA-yellow/output/01.00-trimming-fastp-fastqc-multiqc/fastp-Yell-July18-Site1q_S106_L001_R1_001.fastq.gz --out2 /home/sam/gitrepos/RobertsLab/project-eDNA-yellow/output/01.00-trimming-fastp-fastqc-multiqc/fastp-Yell-July18-Site1q_S106_L001_R2_001.fastq.gz 
fastp v0.24.0, time used: 34 seconds
