Detecting adapter sequence for read1...
No adapter detected for read1

Detecting adapter sequence for read2...
No adapter detected for read2

Read1 before filtering:
total reads: 61812
total bases: 18605412
Q20 bases: 17538925(94.2679%)
Q30 bases: 14556700(78.2391%)

Read2 before filtering:
total reads: 61812
total bases: 18605412
Q20 bases: 17644245(94.8339%)
Q30 bases: 15691543(84.3386%)

Read1 after filtering:
total reads: 61284
total bases: 11583437
Q20 bases: 11188865(96.5937%)
Q30 bases: 10034231(86.6257%)

Read2 after filtering:
total reads: 61284
total bases: 11586724
Q20 bases: 11011845(95.0385%)
Q30 bases: 9714838(83.8446%)

Filtering result:
reads passed filter: 122568
reads failed due to low quality: 760
reads failed due to too many N: 0
reads failed due to too short: 296
reads with adapter trimmed: 81796
bases trimmed due to adapters: 6177360

Duplication rate: 5.51996%

Insert size peak (evaluated by paired-end reads): 167

JSON report: /home/sam/gitrepos/RobertsLab/project-eDNA-yellow/output/01.00-trimming-fastp-fastqc-multiqc/fastp-Yell-July18-Site5c_S89_L001.fastp-trim.report.json
HTML report: /home/sam/gitrepos/RobertsLab/project-eDNA-yellow/output/01.00-trimming-fastp-fastqc-multiqc/fastp-Yell-July18-Site5c_S89_L001.fastp-trim.report.html

/home/sam/programs/fastp --in1 Yell_July18_Site5c_S89_R1_001.fastq.gz --in2 Yell_July18_Site5c_S89_R2_001.fastq.gz --detect_adapter_for_pe --trim_front1 20 --trim_front2 20 --trim_poly_g --thread 4 --html /home/sam/gitrepos/RobertsLab/project-eDNA-yellow/output/01.00-trimming-fastp-fastqc-multiqc/fastp-Yell-July18-Site5c_S89_L001.fastp-trim.report.html --json /home/sam/gitrepos/RobertsLab/project-eDNA-yellow/output/01.00-trimming-fastp-fastqc-multiqc/fastp-Yell-July18-Site5c_S89_L001.fastp-trim.report.json --out1 /home/sam/gitrepos/RobertsLab/project-eDNA-yellow/output/01.00-trimming-fastp-fastqc-multiqc/fastp-Yell-July18-Site5c_S89_L001_R1_001.fastq.gz --out2 /home/sam/gitrepos/RobertsLab/project-eDNA-yellow/output/01.00-trimming-fastp-fastqc-multiqc/fastp-Yell-July18-Site5c_S89_L001_R2_001.fastq.gz 
fastp v0.24.0, time used: 17 seconds
