Detecting adapter sequence for read1...
No adapter detected for read1

Detecting adapter sequence for read2...
No adapter detected for read2

Read1 before filtering:
total reads: 381082
total bases: 114705682
Q20 bases: 110053221(95.944%)
Q30 bases: 98292479(85.691%)

Read2 before filtering:
total reads: 381082
total bases: 114705682
Q20 bases: 109094489(95.1082%)
Q30 bases: 96598631(84.2143%)

Read1 after filtering:
total reads: 378651
total bases: 74445489
Q20 bases: 72162356(96.9331%)
Q30 bases: 65814068(88.4057%)

Read2 after filtering:
total reads: 378651
total bases: 74480404
Q20 bases: 71142261(95.5181%)
Q30 bases: 62824674(84.3506%)

Filtering result:
reads passed filter: 757302
reads failed due to low quality: 2620
reads failed due to too many N: 6
reads failed due to too short: 2236
reads with adapter trimmed: 472724
bases trimmed due to adapters: 35392743

Duplication rate: 20.3046%

Insert size peak (evaluated by paired-end reads): 167

JSON report: /home/sam/gitrepos/RobertsLab/project-eDNA-yellow/output/01.00-trimming-fastp-fastqc-multiqc/fastp-Yell-July18-Site5bb_S133_L001.fastp-trim.report.json
HTML report: /home/sam/gitrepos/RobertsLab/project-eDNA-yellow/output/01.00-trimming-fastp-fastqc-multiqc/fastp-Yell-July18-Site5bb_S133_L001.fastp-trim.report.html

/home/sam/programs/fastp --in1 Yell_July18_Site5bb_S133_R1_001.fastq.gz --in2 Yell_July18_Site5bb_S133_R2_001.fastq.gz --detect_adapter_for_pe --trim_front1 20 --trim_front2 20 --trim_poly_g --thread 4 --html /home/sam/gitrepos/RobertsLab/project-eDNA-yellow/output/01.00-trimming-fastp-fastqc-multiqc/fastp-Yell-July18-Site5bb_S133_L001.fastp-trim.report.html --json /home/sam/gitrepos/RobertsLab/project-eDNA-yellow/output/01.00-trimming-fastp-fastqc-multiqc/fastp-Yell-July18-Site5bb_S133_L001.fastp-trim.report.json --out1 /home/sam/gitrepos/RobertsLab/project-eDNA-yellow/output/01.00-trimming-fastp-fastqc-multiqc/fastp-Yell-July18-Site5bb_S133_L001_R1_001.fastq.gz --out2 /home/sam/gitrepos/RobertsLab/project-eDNA-yellow/output/01.00-trimming-fastp-fastqc-multiqc/fastp-Yell-July18-Site5bb_S133_L001_R2_001.fastq.gz 
fastp v0.24.0, time used: 29 seconds
