Detecting adapter sequence for read1...
No adapter detected for read1

Detecting adapter sequence for read2...
No adapter detected for read2

Read1 before filtering:
total reads: 83172
total bases: 25034772
Q20 bases: 23963679(95.7216%)
Q30 bases: 21276593(84.9882%)

Read2 before filtering:
total reads: 83172
total bases: 25034772
Q20 bases: 23743483(94.842%)
Q30 bases: 20764801(82.9438%)

Read1 after filtering:
total reads: 82674
total bases: 14488555
Q20 bases: 14016773(96.7438%)
Q30 bases: 12662607(87.3973%)

Read2 after filtering:
total reads: 82674
total bases: 14496607
Q20 bases: 13830601(95.4058%)
Q30 bases: 11999579(82.7751%)

Filtering result:
reads passed filter: 165348
reads failed due to low quality: 560
reads failed due to too many N: 4
reads failed due to too short: 432
reads with adapter trimmed: 128440
bases trimmed due to adapters: 9641687

Duplication rate: 17.7644%

Insert size peak (evaluated by paired-end reads): 167

JSON report: /home/sam/gitrepos/RobertsLab/project-eDNA-yellow/output/01.00-trimming-fastp-fastqc-multiqc/fastp-Yell-July18-Site5v_S127_L001.fastp-trim.report.json
HTML report: /home/sam/gitrepos/RobertsLab/project-eDNA-yellow/output/01.00-trimming-fastp-fastqc-multiqc/fastp-Yell-July18-Site5v_S127_L001.fastp-trim.report.html

/home/sam/programs/fastp --in1 Yell_July18_Site5v_S127_R1_001.fastq.gz --in2 Yell_July18_Site5v_S127_R2_001.fastq.gz --detect_adapter_for_pe --trim_front1 20 --trim_front2 20 --trim_poly_g --thread 4 --html /home/sam/gitrepos/RobertsLab/project-eDNA-yellow/output/01.00-trimming-fastp-fastqc-multiqc/fastp-Yell-July18-Site5v_S127_L001.fastp-trim.report.html --json /home/sam/gitrepos/RobertsLab/project-eDNA-yellow/output/01.00-trimming-fastp-fastqc-multiqc/fastp-Yell-July18-Site5v_S127_L001.fastp-trim.report.json --out1 /home/sam/gitrepos/RobertsLab/project-eDNA-yellow/output/01.00-trimming-fastp-fastqc-multiqc/fastp-Yell-July18-Site5v_S127_L001_R1_001.fastq.gz --out2 /home/sam/gitrepos/RobertsLab/project-eDNA-yellow/output/01.00-trimming-fastp-fastqc-multiqc/fastp-Yell-July18-Site5v_S127_L001_R2_001.fastq.gz 
fastp v0.24.0, time used: 18 seconds
