Detecting adapter sequence for read1...
No adapter detected for read1

Detecting adapter sequence for read2...
No adapter detected for read2

Read1 before filtering:
total reads: 116323
total bases: 35013223
Q20 bases: 33256623(94.983%)
Q30 bases: 28609736(81.7112%)

Read2 before filtering:
total reads: 116323
total bases: 35013223
Q20 bases: 33534702(95.7772%)
Q30 bases: 30513824(87.1494%)

Read1 after filtering:
total reads: 115533
total bases: 22954852
Q20 bases: 22104148(96.294%)
Q30 bases: 19604276(85.4036%)

Read2 after filtering:
total reads: 115533
total bases: 22962816
Q20 bases: 22056527(96.0532%)
Q30 bases: 19958951(86.9186%)

Filtering result:
reads passed filter: 231066
reads failed due to low quality: 666
reads failed due to too many N: 0
reads failed due to too short: 914
reads with adapter trimmed: 135636
bases trimmed due to adapters: 10193158

Duplication rate: 14.8956%

Insert size peak (evaluated by paired-end reads): 167

JSON report: /home/sam/gitrepos/RobertsLab/project-eDNA-yellow/output/01.00-trimming-fastp-fastqc-multiqc/fastp-Yell-July18-Site1k_S100_L001.fastp-trim.report.json
HTML report: /home/sam/gitrepos/RobertsLab/project-eDNA-yellow/output/01.00-trimming-fastp-fastqc-multiqc/fastp-Yell-July18-Site1k_S100_L001.fastp-trim.report.html

/home/sam/programs/fastp --in1 Yell_July18_Site1k_S100_R1_001.fastq.gz --in2 Yell_July18_Site1k_S100_R2_001.fastq.gz --detect_adapter_for_pe --trim_front1 20 --trim_front2 20 --trim_poly_g --thread 4 --html /home/sam/gitrepos/RobertsLab/project-eDNA-yellow/output/01.00-trimming-fastp-fastqc-multiqc/fastp-Yell-July18-Site1k_S100_L001.fastp-trim.report.html --json /home/sam/gitrepos/RobertsLab/project-eDNA-yellow/output/01.00-trimming-fastp-fastqc-multiqc/fastp-Yell-July18-Site1k_S100_L001.fastp-trim.report.json --out1 /home/sam/gitrepos/RobertsLab/project-eDNA-yellow/output/01.00-trimming-fastp-fastqc-multiqc/fastp-Yell-July18-Site1k_S100_L001_R1_001.fastq.gz --out2 /home/sam/gitrepos/RobertsLab/project-eDNA-yellow/output/01.00-trimming-fastp-fastqc-multiqc/fastp-Yell-July18-Site1k_S100_L001_R2_001.fastq.gz 
fastp v0.24.0, time used: 18 seconds
