Detecting adapter sequence for read1...
No adapter detected for read1

Detecting adapter sequence for read2...
No adapter detected for read2

Read1 before filtering:
total reads: 196462
total bases: 59135062
Q20 bases: 56821404(96.0875%)
Q30 bases: 51260213(86.6833%)

Read2 before filtering:
total reads: 196462
total bases: 59135062
Q20 bases: 56480025(95.5102%)
Q30 bases: 50751236(85.8226%)

Read1 after filtering:
total reads: 195731
total bases: 33320498
Q20 bases: 32544532(97.6712%)
Q30 bases: 30352628(91.093%)

Read2 after filtering:
total reads: 195731
total bases: 33340827
Q20 bases: 32119373(96.3365%)
Q30 bases: 29023917(87.0522%)

Filtering result:
reads passed filter: 391462
reads failed due to low quality: 884
reads failed due to too many N: 2
reads failed due to too short: 576
reads with adapter trimmed: 317866
bases trimmed due to adapters: 23841555

Duplication rate: 21.4662%

Insert size peak (evaluated by paired-end reads): 167

JSON report: /home/sam/gitrepos/RobertsLab/project-eDNA-yellow/output/01.00-trimming-fastp-fastqc-multiqc/Site5r_S123_L001.fastp-trim.report.json
HTML report: /home/sam/gitrepos/RobertsLab/project-eDNA-yellow/output/01.00-trimming-fastp-fastqc-multiqc/Site5r_S123_L001.fastp-trim.report.html

/home/sam/programs/fastp --in1 Yell_July18_Site5r_S123_R1_001.fastq.gz --in2 Yell_July18_Site5r_S123_R2_001.fastq.gz --detect_adapter_for_pe --trim_front1 20 --trim_front2 20 --trim_poly_g --thread 4 --html /home/sam/gitrepos/RobertsLab/project-eDNA-yellow/output/01.00-trimming-fastp-fastqc-multiqc/Site5r_S123_L001.fastp-trim.report.html --json /home/sam/gitrepos/RobertsLab/project-eDNA-yellow/output/01.00-trimming-fastp-fastqc-multiqc/Site5r_S123_L001.fastp-trim.report.json --out1 /home/sam/gitrepos/RobertsLab/project-eDNA-yellow/output/01.00-trimming-fastp-fastqc-multiqc/Site5r_S123_L001_R1_001.fastq.gz --out2 /home/sam/gitrepos/RobertsLab/project-eDNA-yellow/output/01.00-trimming-fastp-fastqc-multiqc/Site5r_S123_L001_R2_001.fastq.gz 
fastp v0.24.0, time used: 29 seconds
