Detecting adapter sequence for read1...
No adapter detected for read1

Detecting adapter sequence for read2...
No adapter detected for read2

Read1 before filtering:
total reads: 312141
total bases: 93954441
Q20 bases: 89130828(94.866%)
Q30 bases: 76359014(81.2724%)

Read2 before filtering:
total reads: 312141
total bases: 93954441
Q20 bases: 89336075(95.0845%)
Q30 bases: 79063334(84.1507%)

Read1 after filtering:
total reads: 310549
total bases: 57069851
Q20 bases: 55274398(96.8539%)
Q30 bases: 50161381(87.8947%)

Read2 after filtering:
total reads: 310549
total bases: 57094237
Q20 bases: 54659181(95.735%)
Q30 bases: 48420817(84.8086%)

Filtering result:
reads passed filter: 621098
reads failed due to low quality: 1644
reads failed due to too many N: 4
reads failed due to too short: 1536
reads with adapter trimmed: 446090
bases trimmed due to adapters: 33497501

Duplication rate: 14.4422%

Insert size peak (evaluated by paired-end reads): 167

JSON report: /home/sam/gitrepos/RobertsLab/project-eDNA-yellow/output/01.00-trimming-fastp-fastqc-multiqc/Site5aa_S132_L001.fastp-trim.report.json
HTML report: /home/sam/gitrepos/RobertsLab/project-eDNA-yellow/output/01.00-trimming-fastp-fastqc-multiqc/Site5aa_S132_L001.fastp-trim.report.html

/home/sam/programs/fastp --in1 Yell_July18_Site5aa_S132_R1_001.fastq.gz --in2 Yell_July18_Site5aa_S132_R2_001.fastq.gz --detect_adapter_for_pe --trim_front1 20 --trim_front2 20 --trim_poly_g --thread 4 --html /home/sam/gitrepos/RobertsLab/project-eDNA-yellow/output/01.00-trimming-fastp-fastqc-multiqc/Site5aa_S132_L001.fastp-trim.report.html --json /home/sam/gitrepos/RobertsLab/project-eDNA-yellow/output/01.00-trimming-fastp-fastqc-multiqc/Site5aa_S132_L001.fastp-trim.report.json --out1 /home/sam/gitrepos/RobertsLab/project-eDNA-yellow/output/01.00-trimming-fastp-fastqc-multiqc/Site5aa_S132_L001_R1_001.fastq.gz --out2 /home/sam/gitrepos/RobertsLab/project-eDNA-yellow/output/01.00-trimming-fastp-fastqc-multiqc/Site5aa_S132_L001_R2_001.fastq.gz 
fastp v0.24.0, time used: 31 seconds
