Detecting adapter sequence for read1...
No adapter detected for read1

Detecting adapter sequence for read2...
No adapter detected for read2

Read1 before filtering:
total reads: 8751
total bases: 2634051
Q20 bases: 2383995(90.5068%)
Q30 bases: 1649607(62.6262%)

Read2 before filtering:
total reads: 8751
total bases: 2634051
Q20 bases: 2483511(94.2848%)
Q30 bases: 2185151(82.9578%)

Read1 after filtering:
total reads: 8573
total bases: 1671357
Q20 bases: 1554949(93.0351%)
Q30 bases: 1158572(69.3192%)

Read2 after filtering:
total reads: 8573
total bases: 1673146
Q20 bases: 1579342(94.3936%)
Q30 bases: 1379216(82.4325%)

Filtering result:
reads passed filter: 17146
reads failed due to low quality: 196
reads failed due to too many N: 0
reads failed due to too short: 160
reads with adapter trimmed: 10702
bases trimmed due to adapters: 801634

Duplication rate: 0.639927%

Insert size peak (evaluated by paired-end reads): 173

JSON report: /home/sam/gitrepos/RobertsLab/project-eDNA-yellow/output/01.00-trimming-fastp-fastqc-multiqc/Site5f_S96_L001.fastp-trim.report.json
HTML report: /home/sam/gitrepos/RobertsLab/project-eDNA-yellow/output/01.00-trimming-fastp-fastqc-multiqc/Site5f_S96_L001.fastp-trim.report.html

/home/sam/programs/fastp --in1 Yell_July18_Site5f_S96_R1_001.fastq.gz --in2 Yell_July18_Site5f_S96_R2_001.fastq.gz --detect_adapter_for_pe --trim_front1 20 --trim_front2 20 --trim_poly_g --thread 4 --html /home/sam/gitrepos/RobertsLab/project-eDNA-yellow/output/01.00-trimming-fastp-fastqc-multiqc/Site5f_S96_L001.fastp-trim.report.html --json /home/sam/gitrepos/RobertsLab/project-eDNA-yellow/output/01.00-trimming-fastp-fastqc-multiqc/Site5f_S96_L001.fastp-trim.report.json --out1 /home/sam/gitrepos/RobertsLab/project-eDNA-yellow/output/01.00-trimming-fastp-fastqc-multiqc/Site5f_S96_L001_R1_001.fastq.gz --out2 /home/sam/gitrepos/RobertsLab/project-eDNA-yellow/output/01.00-trimming-fastp-fastqc-multiqc/Site5f_S96_L001_R2_001.fastq.gz 
fastp v0.24.0, time used: 1 seconds
