Detecting adapter sequence for read1...
No adapter detected for read1

Detecting adapter sequence for read2...
No adapter detected for read2

Read1 before filtering:
total reads: 167944
total bases: 50551144
Q20 bases: 48066207(95.0843%)
Q30 bases: 42036084(83.1556%)

Read2 before filtering:
total reads: 167944
total bases: 50551144
Q20 bases: 48197774(95.3446%)
Q30 bases: 43019776(85.1015%)

Read1 after filtering:
total reads: 167055
total bases: 25499838
Q20 bases: 24745190(97.0406%)
Q30 bases: 22675156(88.9227%)

Read2 after filtering:
total reads: 167055
total bases: 25527880
Q20 bases: 24525184(96.0722%)
Q30 bases: 22001724(86.187%)

Filtering result:
reads passed filter: 334110
reads failed due to low quality: 1046
reads failed due to too many N: 4
reads failed due to too short: 728
reads with adapter trimmed: 307358
bases trimmed due to adapters: 23103022

Duplication rate: 18.8771%

Insert size peak (evaluated by paired-end reads): 167

JSON report: /home/sam/gitrepos/RobertsLab/project-eDNA-yellow/output/01.00-trimming-fastp-fastqc-multiqc/Yell_July18_Site1bb_S139_L001.fastp-trim.report.json
HTML report: /home/sam/gitrepos/RobertsLab/project-eDNA-yellow/output/01.00-trimming-fastp-fastqc-multiqc/Yell_July18_Site1bb_S139_L001.fastp-trim.report.html

/home/sam/programs/fastp --in1 Yell_July18_Site1bb_S139_R1_001.fastq.gz --in2 Yell_July18_Site1bb_S139_R2_001.fastq.gz --detect_adapter_for_pe --trim_front1 10 --trim_front2 10 --trim_poly_g --thread 4 --html /home/sam/gitrepos/RobertsLab/project-eDNA-yellow/output/01.00-trimming-fastp-fastqc-multiqc/Yell_July18_Site1bb_S139_L001.fastp-trim.report.html --json /home/sam/gitrepos/RobertsLab/project-eDNA-yellow/output/01.00-trimming-fastp-fastqc-multiqc/Yell_July18_Site1bb_S139_L001.fastp-trim.report.json --out1 /home/sam/gitrepos/RobertsLab/project-eDNA-yellow/output/01.00-trimming-fastp-fastqc-multiqc/Yell_July18_Site1bb_S139_L001_R1.fastp-trim.fastq.gz --out2 /home/sam/gitrepos/RobertsLab/project-eDNA-yellow/output/01.00-trimming-fastp-fastqc-multiqc/Yell_July18_Site1bb_S139_L001_R2.fastp-trim.fastq.gz 
fastp v0.24.0, time used: 32 seconds
