Detecting adapter sequence for read1...
No adapter detected for read1

Detecting adapter sequence for read2...
No adapter detected for read2

Read1 before filtering:
total reads: 42930
total bases: 12921930
Q20 bases: 12372591(95.7488%)
Q30 bases: 10853716(83.9945%)

Read2 before filtering:
total reads: 42930
total bases: 12921930
Q20 bases: 12272548(94.9746%)
Q30 bases: 10674005(82.6038%)

Read1 after filtering:
total reads: 42515
total bases: 9591022
Q20 bases: 9303358(97.0007%)
Q30 bases: 8485805(88.4765%)

Read2 after filtering:
total reads: 42515
total bases: 9600927
Q20 bases: 9102392(94.8074%)
Q30 bases: 7822228(81.4737%)

Filtering result:
reads passed filter: 85030
reads failed due to low quality: 312
reads failed due to too many N: 0
reads failed due to too short: 518
reads with adapter trimmed: 29494
bases trimmed due to adapters: 2214798

Duplication rate: 0.144421%

Insert size peak (evaluated by paired-end reads): 365

JSON report: /home/sam/gitrepos/RobertsLab/project-eDNA-yellow/output/01.00-trimming-fastp-fastqc-multiqc/Yell_July18_Site1U_S114_L001.fastp-trim.report.json
HTML report: /home/sam/gitrepos/RobertsLab/project-eDNA-yellow/output/01.00-trimming-fastp-fastqc-multiqc/Yell_July18_Site1U_S114_L001.fastp-trim.report.html

/home/sam/programs/fastp --in1 Yell_July18_Site1U_S114_R1_001.fastq.gz --in2 Yell_July18_Site1U_S114_R2_001.fastq.gz --detect_adapter_for_pe --trim_front1 10 --trim_front2 10 --trim_poly_g --thread 4 --html /home/sam/gitrepos/RobertsLab/project-eDNA-yellow/output/01.00-trimming-fastp-fastqc-multiqc/Yell_July18_Site1U_S114_L001.fastp-trim.report.html --json /home/sam/gitrepos/RobertsLab/project-eDNA-yellow/output/01.00-trimming-fastp-fastqc-multiqc/Yell_July18_Site1U_S114_L001.fastp-trim.report.json --out1 /home/sam/gitrepos/RobertsLab/project-eDNA-yellow/output/01.00-trimming-fastp-fastqc-multiqc/Yell_July18_Site1U_S114_L001_R1.fastp-trim.fastq.gz --out2 /home/sam/gitrepos/RobertsLab/project-eDNA-yellow/output/01.00-trimming-fastp-fastqc-multiqc/Yell_July18_Site1U_S114_L001_R2.fastp-trim.fastq.gz 
fastp v0.24.0, time used: 8 seconds
