Detecting adapter sequence for read1...
No adapter detected for read1

Detecting adapter sequence for read2...
No adapter detected for read2

Read1 before filtering:
total reads: 196462
total bases: 59135062
Q20 bases: 56821404(96.0875%)
Q30 bases: 51260213(86.6833%)

Read2 before filtering:
total reads: 196462
total bases: 59135062
Q20 bases: 56480025(95.5102%)
Q30 bases: 50751236(85.8226%)

Read1 after filtering:
total reads: 195840
total bases: 35252660
Q20 bases: 34449793(97.7225%)
Q30 bases: 32211769(91.374%)

Read2 after filtering:
total reads: 195840
total bases: 35272537
Q20 bases: 33950961(96.2532%)
Q30 bases: 30775748(87.2513%)

Filtering result:
reads passed filter: 391680
reads failed due to low quality: 744
reads failed due to too many N: 2
reads failed due to too short: 498
reads with adapter trimmed: 319230
bases trimmed due to adapters: 23945286

Duplication rate: 21.4662%

Insert size peak (evaluated by paired-end reads): 167

JSON report: /home/sam/gitrepos/RobertsLab/project-eDNA-yellow/output/01.00-trimming-fastp-fastqc-multiqc/Yell_July18_Site5r_S123_L001.fastp-trim.report.json
HTML report: /home/sam/gitrepos/RobertsLab/project-eDNA-yellow/output/01.00-trimming-fastp-fastqc-multiqc/Yell_July18_Site5r_S123_L001.fastp-trim.report.html

/home/sam/programs/fastp --in1 Yell_July18_Site5r_S123_R1_001.fastq.gz --in2 Yell_July18_Site5r_S123_R2_001.fastq.gz --detect_adapter_for_pe --trim_front1 10 --trim_front2 10 --trim_poly_g --thread 4 --html /home/sam/gitrepos/RobertsLab/project-eDNA-yellow/output/01.00-trimming-fastp-fastqc-multiqc/Yell_July18_Site5r_S123_L001.fastp-trim.report.html --json /home/sam/gitrepos/RobertsLab/project-eDNA-yellow/output/01.00-trimming-fastp-fastqc-multiqc/Yell_July18_Site5r_S123_L001.fastp-trim.report.json --out1 /home/sam/gitrepos/RobertsLab/project-eDNA-yellow/output/01.00-trimming-fastp-fastqc-multiqc/Yell_July18_Site5r_S123_L001_R1.fastp-trim.fastq.gz --out2 /home/sam/gitrepos/RobertsLab/project-eDNA-yellow/output/01.00-trimming-fastp-fastqc-multiqc/Yell_July18_Site5r_S123_L001_R2.fastp-trim.fastq.gz 
fastp v0.24.0, time used: 28 seconds
