Detecting adapter sequence for read1...
No adapter detected for read1

Detecting adapter sequence for read2...
No adapter detected for read2

Read1 before filtering:
total reads: 133845
total bases: 40287345
Q20 bases: 38679425(96.0089%)
Q30 bases: 34693949(86.1162%)

Read2 before filtering:
total reads: 133845
total bases: 40287345
Q20 bases: 37851850(93.9547%)
Q30 bases: 33026871(81.9783%)

Read1 after filtering:
total reads: 132732
total bases: 25322158
Q20 bases: 24672794(97.4356%)
Q30 bases: 22785839(89.9838%)

Read2 after filtering:
total reads: 132732
total bases: 25334189
Q20 bases: 23716557(93.6148%)
Q30 bases: 20370312(80.4064%)

Filtering result:
reads passed filter: 265464
reads failed due to low quality: 1584
reads failed due to too many N: 0
reads failed due to too short: 642
reads with adapter trimmed: 184460
bases trimmed due to adapters: 13873805

Duplication rate: 16.7978%

Insert size peak (evaluated by paired-end reads): 167

JSON report: /home/sam/gitrepos/RobertsLab/project-eDNA-yellow/output/01.00-trimming-fastp-fastqc-multiqc/Yell_July18_Site5s_S124_L001.fastp-trim.report.json
HTML report: /home/sam/gitrepos/RobertsLab/project-eDNA-yellow/output/01.00-trimming-fastp-fastqc-multiqc/Yell_July18_Site5s_S124_L001.fastp-trim.report.html

/home/sam/programs/fastp --in1 Yell_July18_Site5s_S124_R1_001.fastq.gz --in2 Yell_July18_Site5s_S124_R2_001.fastq.gz --detect_adapter_for_pe --trim_front1 10 --trim_front2 10 --trim_poly_g --thread 4 --html /home/sam/gitrepos/RobertsLab/project-eDNA-yellow/output/01.00-trimming-fastp-fastqc-multiqc/Yell_July18_Site5s_S124_L001.fastp-trim.report.html --json /home/sam/gitrepos/RobertsLab/project-eDNA-yellow/output/01.00-trimming-fastp-fastqc-multiqc/Yell_July18_Site5s_S124_L001.fastp-trim.report.json --out1 /home/sam/gitrepos/RobertsLab/project-eDNA-yellow/output/01.00-trimming-fastp-fastqc-multiqc/Yell_July18_Site5s_S124_L001_R1.fastp-trim.fastq.gz --out2 /home/sam/gitrepos/RobertsLab/project-eDNA-yellow/output/01.00-trimming-fastp-fastqc-multiqc/Yell_July18_Site5s_S124_L001_R2.fastp-trim.fastq.gz 
fastp v0.24.0, time used: 25 seconds
