Detecting adapter sequence for read1...
No adapter detected for read1

Detecting adapter sequence for read2...
No adapter detected for read2

Read1 before filtering:
total reads: 295879
total bases: 89059579
Q20 bases: 85546508(96.0554%)
Q30 bases: 77624422(87.1601%)

Read2 before filtering:
total reads: 295879
total bases: 89059579
Q20 bases: 85292835(95.7705%)
Q30 bases: 77614128(87.1485%)

Read1 after filtering:
total reads: 295031
total bases: 46514333
Q20 bases: 45599798(98.0339%)
Q30 bases: 43093844(92.6464%)

Read2 after filtering:
total reads: 295031
total bases: 46543502
Q20 bases: 45254315(97.2301%)
Q30 bases: 42286718(90.8542%)

Filtering result:
reads passed filter: 590062
reads failed due to low quality: 1150
reads failed due to too many N: 2
reads failed due to too short: 544
reads with adapter trimmed: 580738
bases trimmed due to adapters: 43563316

Duplication rate: 30.1268%

Insert size peak (evaluated by paired-end reads): 167

JSON report: /home/sam/gitrepos/RobertsLab/project-eDNA-yellow/output/01.00-trimming-fastp-fastqc-multiqc/Yell_July18_Site1f_S92_L001.fastp-trim.report.json
HTML report: /home/sam/gitrepos/RobertsLab/project-eDNA-yellow/output/01.00-trimming-fastp-fastqc-multiqc/Yell_July18_Site1f_S92_L001.fastp-trim.report.html

/home/sam/programs/fastp --in1 Yell_July18_Site1f_S92_R1_001.fastq.gz --in2 Yell_July18_Site1f_S92_R2_001.fastq.gz --detect_adapter_for_pe --trim_front1 10 --trim_front2 10 --trim_poly_g --thread 4 --html /home/sam/gitrepos/RobertsLab/project-eDNA-yellow/output/01.00-trimming-fastp-fastqc-multiqc/Yell_July18_Site1f_S92_L001.fastp-trim.report.html --json /home/sam/gitrepos/RobertsLab/project-eDNA-yellow/output/01.00-trimming-fastp-fastqc-multiqc/Yell_July18_Site1f_S92_L001.fastp-trim.report.json --out1 /home/sam/gitrepos/RobertsLab/project-eDNA-yellow/output/01.00-trimming-fastp-fastqc-multiqc/Yell_July18_Site1f_S92_L001_R1.fastp-trim.fastq.gz --out2 /home/sam/gitrepos/RobertsLab/project-eDNA-yellow/output/01.00-trimming-fastp-fastqc-multiqc/Yell_July18_Site1f_S92_L001_R2.fastp-trim.fastq.gz 
fastp v0.24.0, time used: 33 seconds
