Detecting adapter sequence for read1...
No adapter detected for read1

Detecting adapter sequence for read2...
No adapter detected for read2

Read1 before filtering:
total reads: 110248
total bases: 33184648
Q20 bases: 31351079(94.4746%)
Q30 bases: 26427776(79.6386%)

Read2 before filtering:
total reads: 110248
total bases: 33184648
Q20 bases: 31572933(95.1432%)
Q30 bases: 27978682(84.3121%)

Read1 after filtering:
total reads: 109622
total bases: 20764370
Q20 bases: 20107137(96.8348%)
Q30 bases: 18262607(87.9517%)

Read2 after filtering:
total reads: 109622
total bases: 20772944
Q20 bases: 19881473(95.7085%)
Q30 bases: 17600833(84.7296%)

Filtering result:
reads passed filter: 219244
reads failed due to low quality: 592
reads failed due to too many N: 0
reads failed due to too short: 660
reads with adapter trimmed: 148860
bases trimmed due to adapters: 11200394

Duplication rate: 6.69672%

Insert size peak (evaluated by paired-end reads): 167

JSON report: /home/sam/gitrepos/RobertsLab/project-eDNA-yellow/output/01.00-trimming-fastp-fastqc-multiqc/Yell_July18_Site5o_S116_L001.fastp-trim.report.json
HTML report: /home/sam/gitrepos/RobertsLab/project-eDNA-yellow/output/01.00-trimming-fastp-fastqc-multiqc/Yell_July18_Site5o_S116_L001.fastp-trim.report.html

/home/sam/programs/fastp --in1 Yell_July18_Site5o_S116_R1_001.fastq.gz --in2 Yell_July18_Site5o_S116_R2_001.fastq.gz --detect_adapter_for_pe --trim_front1 20 --trim_front2 20 --trim_poly_g --thread 4 --html /home/sam/gitrepos/RobertsLab/project-eDNA-yellow/output/01.00-trimming-fastp-fastqc-multiqc/Yell_July18_Site5o_S116_L001.fastp-trim.report.html --json /home/sam/gitrepos/RobertsLab/project-eDNA-yellow/output/01.00-trimming-fastp-fastqc-multiqc/Yell_July18_Site5o_S116_L001.fastp-trim.report.json --out1 /home/sam/gitrepos/RobertsLab/project-eDNA-yellow/output/01.00-trimming-fastp-fastqc-multiqc/Yell_July18_Site5o_S116_L001_R1.fastp-trim.fastq.gz --out2 /home/sam/gitrepos/RobertsLab/project-eDNA-yellow/output/01.00-trimming-fastp-fastqc-multiqc/Yell_July18_Site5o_S116_L001_R2.fastp-trim.fastq.gz 
fastp v0.24.0, time used: 24 seconds
