Detecting adapter sequence for read1...
No adapter detected for read1

Detecting adapter sequence for read2...
No adapter detected for read2

Read1 before filtering:
total reads: 312141
total bases: 93954441
Q20 bases: 89130828(94.866%)
Q30 bases: 76359014(81.2724%)

Read2 before filtering:
total reads: 312141
total bases: 93954441
Q20 bases: 89336075(95.0845%)
Q30 bases: 79063334(84.1507%)

Read1 after filtering:
total reads: 310783
total bases: 60189246
Q20 bases: 58321991(96.8977%)
Q30 bases: 53089269(88.2039%)

Read2 after filtering:
total reads: 310783
total bases: 60211416
Q20 bases: 57608178(95.6765%)
Q30 bases: 51225047(85.0753%)

Filtering result:
reads passed filter: 621566
reads failed due to low quality: 1386
reads failed due to too many N: 4
reads failed due to too short: 1326
reads with adapter trimmed: 447326
bases trimmed due to adapters: 33589855

Duplication rate: 14.4422%

Insert size peak (evaluated by paired-end reads): 167

JSON report: /home/sam/gitrepos/RobertsLab/project-eDNA-yellow/output/01.00-trimming-fastp-fastqc-multiqc/Yell_July18_Site5aa_S132_L001.fastp-trim.report.json
HTML report: /home/sam/gitrepos/RobertsLab/project-eDNA-yellow/output/01.00-trimming-fastp-fastqc-multiqc/Yell_July18_Site5aa_S132_L001.fastp-trim.report.html

/home/sam/programs/fastp --in1 Yell_July18_Site5aa_S132_R1_001.fastq.gz --in2 Yell_July18_Site5aa_S132_R2_001.fastq.gz --detect_adapter_for_pe --trim_front1 10 --trim_front2 10 --trim_poly_g --thread 4 --html /home/sam/gitrepos/RobertsLab/project-eDNA-yellow/output/01.00-trimming-fastp-fastqc-multiqc/Yell_July18_Site5aa_S132_L001.fastp-trim.report.html --json /home/sam/gitrepos/RobertsLab/project-eDNA-yellow/output/01.00-trimming-fastp-fastqc-multiqc/Yell_July18_Site5aa_S132_L001.fastp-trim.report.json --out1 /home/sam/gitrepos/RobertsLab/project-eDNA-yellow/output/01.00-trimming-fastp-fastqc-multiqc/Yell_July18_Site5aa_S132_L001_R1.fastp-trim.fastq.gz --out2 /home/sam/gitrepos/RobertsLab/project-eDNA-yellow/output/01.00-trimming-fastp-fastqc-multiqc/Yell_July18_Site5aa_S132_L001_R2.fastp-trim.fastq.gz 
fastp v0.24.0, time used: 32 seconds
