Detecting adapter sequence for read1...
No adapter detected for read1

Detecting adapter sequence for read2...
No adapter detected for read2

Read1 before filtering:
total reads: 116323
total bases: 35013223
Q20 bases: 33256623(94.983%)
Q30 bases: 28609736(81.7112%)

Read2 before filtering:
total reads: 116323
total bases: 35013223
Q20 bases: 33534702(95.7772%)
Q30 bases: 30513824(87.1494%)

Read1 after filtering:
total reads: 115632
total bases: 23994347
Q20 bases: 23123711(96.3715%)
Q30 bases: 20588603(85.8061%)

Read2 after filtering:
total reads: 115632
total bases: 24000197
Q20 bases: 23042010(96.0076%)
Q30 bases: 20905538(87.1057%)

Filtering result:
reads passed filter: 231264
reads failed due to low quality: 588
reads failed due to too many N: 0
reads failed due to too short: 794
reads with adapter trimmed: 139368
bases trimmed due to adapters: 10477227

Duplication rate: 14.8956%

Insert size peak (evaluated by paired-end reads): 167

JSON report: /home/sam/gitrepos/RobertsLab/project-eDNA-yellow/output/01.00-trimming-fastp-fastqc-multiqc/Yell_July18_Site1k_S100_L001.fastp-trim.report.json
HTML report: /home/sam/gitrepos/RobertsLab/project-eDNA-yellow/output/01.00-trimming-fastp-fastqc-multiqc/Yell_July18_Site1k_S100_L001.fastp-trim.report.html

/home/sam/programs/fastp --in1 Yell_July18_Site1k_S100_R1_001.fastq.gz --in2 Yell_July18_Site1k_S100_R2_001.fastq.gz --detect_adapter_for_pe --trim_front1 10 --trim_front2 10 --trim_poly_g --thread 4 --html /home/sam/gitrepos/RobertsLab/project-eDNA-yellow/output/01.00-trimming-fastp-fastqc-multiqc/Yell_July18_Site1k_S100_L001.fastp-trim.report.html --json /home/sam/gitrepos/RobertsLab/project-eDNA-yellow/output/01.00-trimming-fastp-fastqc-multiqc/Yell_July18_Site1k_S100_L001.fastp-trim.report.json --out1 /home/sam/gitrepos/RobertsLab/project-eDNA-yellow/output/01.00-trimming-fastp-fastqc-multiqc/Yell_July18_Site1k_S100_L001_R1.fastp-trim.fastq.gz --out2 /home/sam/gitrepos/RobertsLab/project-eDNA-yellow/output/01.00-trimming-fastp-fastqc-multiqc/Yell_July18_Site1k_S100_L001_R2.fastp-trim.fastq.gz 
fastp v0.24.0, time used: 19 seconds
