Detecting adapter sequence for read1...
No adapter detected for read1

Detecting adapter sequence for read2...
No adapter detected for read2

Read1 before filtering:
total reads: 187718
total bases: 56503118
Q20 bases: 54451427(96.3689%)
Q30 bases: 49607123(87.7954%)

Read2 before filtering:
total reads: 187718
total bases: 56503118
Q20 bases: 53269866(94.2777%)
Q30 bases: 46793491(82.8158%)

Read1 after filtering:
total reads: 186439
total bases: 37158444
Q20 bases: 36239135(97.526%)
Q30 bases: 33570617(90.3445%)

Read2 after filtering:
total reads: 186439
total bases: 37169924
Q20 bases: 35071685(94.355%)
Q30 bases: 30615548(82.3665%)

Filtering result:
reads passed filter: 372878
reads failed due to low quality: 1790
reads failed due to too many N: 0
reads failed due to too short: 768
reads with adapter trimmed: 249210
bases trimmed due to adapters: 18759451

Duplication rate: 24.5725%

Insert size peak (evaluated by paired-end reads): 167

JSON report: /home/sam/gitrepos/RobertsLab/project-eDNA-yellow/output/01.00-trimming-fastp-fastqc-multiqc/Yell_July18_Site5L_S109_L001.fastp-trim.report.json
HTML report: /home/sam/gitrepos/RobertsLab/project-eDNA-yellow/output/01.00-trimming-fastp-fastqc-multiqc/Yell_July18_Site5L_S109_L001.fastp-trim.report.html

/home/sam/programs/fastp --in1 Yell_July18_Site5L_S109_R1_001.fastq.gz --in2 Yell_July18_Site5L_S109_R2_001.fastq.gz --detect_adapter_for_pe --trim_front1 10 --trim_front2 10 --trim_poly_g --thread 4 --html /home/sam/gitrepos/RobertsLab/project-eDNA-yellow/output/01.00-trimming-fastp-fastqc-multiqc/Yell_July18_Site5L_S109_L001.fastp-trim.report.html --json /home/sam/gitrepos/RobertsLab/project-eDNA-yellow/output/01.00-trimming-fastp-fastqc-multiqc/Yell_July18_Site5L_S109_L001.fastp-trim.report.json --out1 /home/sam/gitrepos/RobertsLab/project-eDNA-yellow/output/01.00-trimming-fastp-fastqc-multiqc/Yell_July18_Site5L_S109_L001_R1.fastp-trim.fastq.gz --out2 /home/sam/gitrepos/RobertsLab/project-eDNA-yellow/output/01.00-trimming-fastp-fastqc-multiqc/Yell_July18_Site5L_S109_L001_R2.fastp-trim.fastq.gz 
fastp v0.24.0, time used: 23 seconds
