Detecting adapter sequence for read1...
No adapter detected for read1

Detecting adapter sequence for read2...
No adapter detected for read2

Read1 before filtering:
total reads: 86986
total bases: 26182786
Q20 bases: 25117520(95.9314%)
Q30 bases: 22499126(85.931%)

Read2 before filtering:
total reads: 86986
total bases: 26182786
Q20 bases: 24857797(94.9395%)
Q30 bases: 22009363(84.0604%)

Read1 after filtering:
total reads: 86460
total bases: 17171912
Q20 bases: 16680842(97.1403%)
Q30 bases: 15236224(88.7276%)

Read2 after filtering:
total reads: 86460
total bases: 17179513
Q20 bases: 16387949(95.3924%)
Q30 bases: 14553060(84.7117%)

Filtering result:
reads passed filter: 172920
reads failed due to low quality: 616
reads failed due to too many N: 2
reads failed due to too short: 434
reads with adapter trimmed: 116570
bases trimmed due to adapters: 8745509

Duplication rate: 13.2044%

Insert size peak (evaluated by paired-end reads): 167

JSON report: /home/sam/gitrepos/RobertsLab/project-eDNA-yellow/output/01.00-trimming-fastp-fastqc-multiqc/Yell_July18_Site5u_S126_L001.fastp-trim.report.json
HTML report: /home/sam/gitrepos/RobertsLab/project-eDNA-yellow/output/01.00-trimming-fastp-fastqc-multiqc/Yell_July18_Site5u_S126_L001.fastp-trim.report.html

/home/sam/programs/fastp --in1 Yell_July18_Site5u_S126_R1_001.fastq.gz --in2 Yell_July18_Site5u_S126_R2_001.fastq.gz --detect_adapter_for_pe --trim_front1 10 --trim_front2 10 --trim_poly_g --thread 4 --html /home/sam/gitrepos/RobertsLab/project-eDNA-yellow/output/01.00-trimming-fastp-fastqc-multiqc/Yell_July18_Site5u_S126_L001.fastp-trim.report.html --json /home/sam/gitrepos/RobertsLab/project-eDNA-yellow/output/01.00-trimming-fastp-fastqc-multiqc/Yell_July18_Site5u_S126_L001.fastp-trim.report.json --out1 /home/sam/gitrepos/RobertsLab/project-eDNA-yellow/output/01.00-trimming-fastp-fastqc-multiqc/Yell_July18_Site5u_S126_L001_R1.fastp-trim.fastq.gz --out2 /home/sam/gitrepos/RobertsLab/project-eDNA-yellow/output/01.00-trimming-fastp-fastqc-multiqc/Yell_July18_Site5u_S126_L001_R2.fastp-trim.fastq.gz 
fastp v0.24.0, time used: 17 seconds
