Detecting adapter sequence for read1...
No adapter detected for read1

Detecting adapter sequence for read2...
No adapter detected for read2

Read1 before filtering:
total reads: 221836
total bases: 66772636
Q20 bases: 62665413(93.8489%)
Q30 bases: 51722218(77.4602%)

Read2 before filtering:
total reads: 221836
total bases: 66772636
Q20 bases: 63896541(95.6927%)
Q30 bases: 57850048(86.6374%)

Read1 after filtering:
total reads: 220798
total bases: 34509420
Q20 bases: 33663656(97.5492%)
Q30 bases: 31368676(90.8989%)

Read2 after filtering:
total reads: 220798
total bases: 34531812
Q20 bases: 33414353(96.764%)
Q30 bases: 30651912(88.7643%)

Filtering result:
reads passed filter: 441596
reads failed due to low quality: 1338
reads failed due to too many N: 0
reads failed due to too short: 738
reads with adapter trimmed: 393276
bases trimmed due to adapters: 29611772

Duplication rate: 5.31879%

Insert size peak (evaluated by paired-end reads): 167

JSON report: /home/sam/gitrepos/RobertsLab/project-eDNA-yellow/output/01.00-trimming-fastp-fastqc-multiqc/Yell_July18_Site1a_S83_L001.fastp-trim.report.json
HTML report: /home/sam/gitrepos/RobertsLab/project-eDNA-yellow/output/01.00-trimming-fastp-fastqc-multiqc/Yell_July18_Site1a_S83_L001.fastp-trim.report.html

/home/sam/programs/fastp --in1 Yell_July18_Site1a_S83_R1_001.fastq.gz --in2 Yell_July18_Site1a_S83_R2_001.fastq.gz --detect_adapter_for_pe --trim_front1 20 --trim_front2 20 --trim_poly_g --thread 4 --html /home/sam/gitrepos/RobertsLab/project-eDNA-yellow/output/01.00-trimming-fastp-fastqc-multiqc/Yell_July18_Site1a_S83_L001.fastp-trim.report.html --json /home/sam/gitrepos/RobertsLab/project-eDNA-yellow/output/01.00-trimming-fastp-fastqc-multiqc/Yell_July18_Site1a_S83_L001.fastp-trim.report.json --out1 /home/sam/gitrepos/RobertsLab/project-eDNA-yellow/output/01.00-trimming-fastp-fastqc-multiqc/Yell_July18_Site1a_S83_L001_R1.fastp-trim.fastq.gz --out2 /home/sam/gitrepos/RobertsLab/project-eDNA-yellow/output/01.00-trimming-fastp-fastqc-multiqc/Yell_July18_Site1a_S83_L001_R2.fastp-trim.fastq.gz 
fastp v0.24.0, time used: 39 seconds
