Detecting adapter sequence for read1...
No adapter detected for read1

Detecting adapter sequence for read2...
No adapter detected for read2

Read1 before filtering:
total reads: 160579
total bases: 48334279
Q20 bases: 46462340(96.1271%)
Q30 bases: 42258256(87.4292%)

Read2 before filtering:
total reads: 160579
total bases: 48334279
Q20 bases: 46130101(95.4397%)
Q30 bases: 41844266(86.5726%)

Read1 after filtering:
total reads: 159553
total bases: 26130947
Q20 bases: 25633635(98.0968%)
Q30 bases: 24233305(92.738%)

Read2 after filtering:
total reads: 159553
total bases: 26143921
Q20 bases: 25078987(95.9266%)
Q30 bases: 22787823(87.163%)

Filtering result:
reads passed filter: 319106
reads failed due to low quality: 1502
reads failed due to too many N: 4
reads failed due to too short: 546
reads with adapter trimmed: 291808
bases trimmed due to adapters: 21963269

Duplication rate: 36.143%

Insert size peak (evaluated by paired-end reads): 167

JSON report: /home/sam/gitrepos/RobertsLab/project-eDNA-yellow/output/01.00-trimming-fastp-fastqc-multiqc/Yell_July18_Site5a_S87_L001.fastp-trim.report.json
HTML report: /home/sam/gitrepos/RobertsLab/project-eDNA-yellow/output/01.00-trimming-fastp-fastqc-multiqc/Yell_July18_Site5a_S87_L001.fastp-trim.report.html

/home/sam/programs/fastp --in1 Yell_July18_Site5a_S87_R1_001.fastq.gz --in2 Yell_July18_Site5a_S87_R2_001.fastq.gz --detect_adapter_for_pe --trim_front1 10 --trim_front2 10 --trim_poly_g --thread 4 --html /home/sam/gitrepos/RobertsLab/project-eDNA-yellow/output/01.00-trimming-fastp-fastqc-multiqc/Yell_July18_Site5a_S87_L001.fastp-trim.report.html --json /home/sam/gitrepos/RobertsLab/project-eDNA-yellow/output/01.00-trimming-fastp-fastqc-multiqc/Yell_July18_Site5a_S87_L001.fastp-trim.report.json --out1 /home/sam/gitrepos/RobertsLab/project-eDNA-yellow/output/01.00-trimming-fastp-fastqc-multiqc/Yell_July18_Site5a_S87_L001_R1.fastp-trim.fastq.gz --out2 /home/sam/gitrepos/RobertsLab/project-eDNA-yellow/output/01.00-trimming-fastp-fastqc-multiqc/Yell_July18_Site5a_S87_L001_R2.fastp-trim.fastq.gz 
fastp v0.24.0, time used: 22 seconds
