Detecting adapter sequence for read1...
No adapter detected for read1

Detecting adapter sequence for read2...
No adapter detected for read2

Read1 before filtering:
total reads: 50056
total bases: 15066856
Q20 bases: 14517583(96.3544%)
Q30 bases: 13188210(87.5313%)

Read2 before filtering:
total reads: 50056
total bases: 15066856
Q20 bases: 14359868(95.3077%)
Q30 bases: 12781970(84.835%)

Read1 after filtering:
total reads: 49798
total bases: 9468769
Q20 bases: 9238053(97.5634%)
Q30 bases: 8573728(90.5474%)

Read2 after filtering:
total reads: 49798
total bases: 9472890
Q20 bases: 9074898(95.7986%)
Q30 bases: 8090652(85.4085%)

Filtering result:
reads passed filter: 99596
reads failed due to low quality: 240
reads failed due to too many N: 2
reads failed due to too short: 274
reads with adapter trimmed: 74450
bases trimmed due to adapters: 5578147

Duplication rate: 19.1545%

Insert size peak (evaluated by paired-end reads): 167

JSON report: /home/sam/gitrepos/RobertsLab/project-eDNA-yellow/output/01.00-trimming-fastp-fastqc-multiqc/Yell_July18_Site1L_S101_L001.fastp-trim.report.json
HTML report: /home/sam/gitrepos/RobertsLab/project-eDNA-yellow/output/01.00-trimming-fastp-fastqc-multiqc/Yell_July18_Site1L_S101_L001.fastp-trim.report.html

/home/sam/programs/fastp --in1 Yell_July18_Site1L_S101_R1_001.fastq.gz --in2 Yell_July18_Site1L_S101_R2_001.fastq.gz --detect_adapter_for_pe --trim_front1 10 --trim_front2 10 --trim_poly_g --thread 4 --html /home/sam/gitrepos/RobertsLab/project-eDNA-yellow/output/01.00-trimming-fastp-fastqc-multiqc/Yell_July18_Site1L_S101_L001.fastp-trim.report.html --json /home/sam/gitrepos/RobertsLab/project-eDNA-yellow/output/01.00-trimming-fastp-fastqc-multiqc/Yell_July18_Site1L_S101_L001.fastp-trim.report.json --out1 /home/sam/gitrepos/RobertsLab/project-eDNA-yellow/output/01.00-trimming-fastp-fastqc-multiqc/Yell_July18_Site1L_S101_L001_R1.fastp-trim.fastq.gz --out2 /home/sam/gitrepos/RobertsLab/project-eDNA-yellow/output/01.00-trimming-fastp-fastqc-multiqc/Yell_July18_Site1L_S101_L001_R2.fastp-trim.fastq.gz 
fastp v0.24.0, time used: 10 seconds
