Detecting adapter sequence for read1...
No adapter detected for read1

Detecting adapter sequence for read2...
No adapter detected for read2

Read1 before filtering:
total reads: 110863
total bases: 33369763
Q20 bases: 31849219(95.4433%)
Q30 bases: 27911974(83.6445%)

Read2 before filtering:
total reads: 110863
total bases: 33369763
Q20 bases: 31746294(95.1349%)
Q30 bases: 28208443(84.5329%)

Read1 after filtering:
total reads: 109855
total bases: 20302998
Q20 bases: 19727024(97.1631%)
Q30 bases: 18109081(89.1941%)

Read2 after filtering:
total reads: 109855
total bases: 20331988
Q20 bases: 19442007(95.6228%)
Q30 bases: 17307791(85.1259%)

Filtering result:
reads passed filter: 219710
reads failed due to low quality: 890
reads failed due to too many N: 4
reads failed due to too short: 1122
reads with adapter trimmed: 164880
bases trimmed due to adapters: 12375094

Duplication rate: 13.9839%

Insert size peak (evaluated by paired-end reads): 167

JSON report: /home/sam/gitrepos/RobertsLab/project-eDNA-yellow/output/01.00-trimming-fastp-fastqc-multiqc/Yell_July18_Site5n_S115_L001.fastp-trim.report.json
HTML report: /home/sam/gitrepos/RobertsLab/project-eDNA-yellow/output/01.00-trimming-fastp-fastqc-multiqc/Yell_July18_Site5n_S115_L001.fastp-trim.report.html

/home/sam/programs/fastp --in1 Yell_July18_Site5n_S115_R1_001.fastq.gz --in2 Yell_July18_Site5n_S115_R2_001.fastq.gz --detect_adapter_for_pe --trim_front1 10 --trim_front2 10 --trim_poly_g --thread 4 --html /home/sam/gitrepos/RobertsLab/project-eDNA-yellow/output/01.00-trimming-fastp-fastqc-multiqc/Yell_July18_Site5n_S115_L001.fastp-trim.report.html --json /home/sam/gitrepos/RobertsLab/project-eDNA-yellow/output/01.00-trimming-fastp-fastqc-multiqc/Yell_July18_Site5n_S115_L001.fastp-trim.report.json --out1 /home/sam/gitrepos/RobertsLab/project-eDNA-yellow/output/01.00-trimming-fastp-fastqc-multiqc/Yell_July18_Site5n_S115_L001_R1.fastp-trim.fastq.gz --out2 /home/sam/gitrepos/RobertsLab/project-eDNA-yellow/output/01.00-trimming-fastp-fastqc-multiqc/Yell_July18_Site5n_S115_L001_R2.fastp-trim.fastq.gz 
fastp v0.24.0, time used: 25 seconds
