Detecting adapter sequence for read1...
No adapter detected for read1

Detecting adapter sequence for read2...
No adapter detected for read2

Read1 before filtering:
total reads: 381082
total bases: 114705682
Q20 bases: 110053221(95.944%)
Q30 bases: 98292479(85.691%)

Read2 before filtering:
total reads: 381082
total bases: 114705682
Q20 bases: 109094489(95.1082%)
Q30 bases: 96598631(84.2143%)

Read1 after filtering:
total reads: 378975
total bases: 78263532
Q20 bases: 75913315(96.997%)
Q30 bases: 69453831(88.7435%)

Read2 after filtering:
total reads: 378975
total bases: 78297142
Q20 bases: 74754549(95.4755%)
Q30 bases: 66270341(84.6395%)

Filtering result:
reads passed filter: 757950
reads failed due to low quality: 2258
reads failed due to too many N: 6
reads failed due to too short: 1950
reads with adapter trimmed: 474000
bases trimmed due to adapters: 35490011

Duplication rate: 20.3046%

Insert size peak (evaluated by paired-end reads): 167

JSON report: /home/sam/gitrepos/RobertsLab/project-eDNA-yellow/output/01.00-trimming-fastp-fastqc-multiqc/Yell_July18_Site5bb_S133_L001.fastp-trim.report.json
HTML report: /home/sam/gitrepos/RobertsLab/project-eDNA-yellow/output/01.00-trimming-fastp-fastqc-multiqc/Yell_July18_Site5bb_S133_L001.fastp-trim.report.html

/home/sam/programs/fastp --in1 Yell_July18_Site5bb_S133_R1_001.fastq.gz --in2 Yell_July18_Site5bb_S133_R2_001.fastq.gz --detect_adapter_for_pe --trim_front1 10 --trim_front2 10 --trim_poly_g --thread 4 --html /home/sam/gitrepos/RobertsLab/project-eDNA-yellow/output/01.00-trimming-fastp-fastqc-multiqc/Yell_July18_Site5bb_S133_L001.fastp-trim.report.html --json /home/sam/gitrepos/RobertsLab/project-eDNA-yellow/output/01.00-trimming-fastp-fastqc-multiqc/Yell_July18_Site5bb_S133_L001.fastp-trim.report.json --out1 /home/sam/gitrepos/RobertsLab/project-eDNA-yellow/output/01.00-trimming-fastp-fastqc-multiqc/Yell_July18_Site5bb_S133_L001_R1.fastp-trim.fastq.gz --out2 /home/sam/gitrepos/RobertsLab/project-eDNA-yellow/output/01.00-trimming-fastp-fastqc-multiqc/Yell_July18_Site5bb_S133_L001_R2.fastp-trim.fastq.gz 
fastp v0.24.0, time used: 27 seconds
