Detecting adapter sequence for read1...
No adapter detected for read1

Detecting adapter sequence for read2...
No adapter detected for read2

Read1 before filtering:
total reads: 61812
total bases: 18605412
Q20 bases: 17538925(94.2679%)
Q30 bases: 14556700(78.2391%)

Read2 before filtering:
total reads: 61812
total bases: 18605412
Q20 bases: 17644245(94.8339%)
Q30 bases: 15691543(84.3386%)

Read1 after filtering:
total reads: 61409
total bases: 12218602
Q20 bases: 11810371(96.6589%)
Q30 bases: 10630735(87.0045%)

Read2 after filtering:
total reads: 61409
total bases: 12221677
Q20 bases: 11606478(94.9663%)
Q30 bases: 10274310(84.0663%)

Filtering result:
reads passed filter: 122818
reads failed due to low quality: 554
reads failed due to too many N: 0
reads failed due to too short: 252
reads with adapter trimmed: 82156
bases trimmed due to adapters: 6204899

Duplication rate: 5.51996%

Insert size peak (evaluated by paired-end reads): 167

JSON report: /home/sam/gitrepos/RobertsLab/project-eDNA-yellow/output/01.00-trimming-fastp-fastqc-multiqc/Yell_July18_Site5c_S89_L001.fastp-trim.report.json
HTML report: /home/sam/gitrepos/RobertsLab/project-eDNA-yellow/output/01.00-trimming-fastp-fastqc-multiqc/Yell_July18_Site5c_S89_L001.fastp-trim.report.html

/home/sam/programs/fastp --in1 Yell_July18_Site5c_S89_R1_001.fastq.gz --in2 Yell_July18_Site5c_S89_R2_001.fastq.gz --detect_adapter_for_pe --trim_front1 10 --trim_front2 10 --trim_poly_g --thread 4 --html /home/sam/gitrepos/RobertsLab/project-eDNA-yellow/output/01.00-trimming-fastp-fastqc-multiqc/Yell_July18_Site5c_S89_L001.fastp-trim.report.html --json /home/sam/gitrepos/RobertsLab/project-eDNA-yellow/output/01.00-trimming-fastp-fastqc-multiqc/Yell_July18_Site5c_S89_L001.fastp-trim.report.json --out1 /home/sam/gitrepos/RobertsLab/project-eDNA-yellow/output/01.00-trimming-fastp-fastqc-multiqc/Yell_July18_Site5c_S89_L001_R1.fastp-trim.fastq.gz --out2 /home/sam/gitrepos/RobertsLab/project-eDNA-yellow/output/01.00-trimming-fastp-fastqc-multiqc/Yell_July18_Site5c_S89_L001_R2.fastp-trim.fastq.gz 
fastp v0.24.0, time used: 14 seconds
