Detecting adapter sequence for read1...
No adapter detected for read1

Detecting adapter sequence for read2...
No adapter detected for read2

Read1 before filtering:
total reads: 424471
total bases: 127765771
Q20 bases: 120070236(93.9768%)
Q30 bases: 100344433(78.5378%)

Read2 before filtering:
total reads: 424471
total bases: 127765771
Q20 bases: 121053598(94.7465%)
Q30 bases: 106122002(83.0598%)

Read1 after filtering:
total reads: 421475
total bases: 85855578
Q20 bases: 83306209(97.0306%)
Q30 bases: 76011786(88.5345%)

Read2 after filtering:
total reads: 421475
total bases: 85886658
Q20 bases: 81581098(94.9869%)
Q30 bases: 71240891(82.9476%)

Filtering result:
reads passed filter: 842950
reads failed due to low quality: 3286
reads failed due to too many N: 6
reads failed due to too short: 2700
reads with adapter trimmed: 533298
bases trimmed due to adapters: 40270253

Duplication rate: 1.24155%

Insert size peak (evaluated by paired-end reads): 167

JSON report: /home/sam/gitrepos/RobertsLab/project-eDNA-yellow/output/01.00-trimming-fastp-fastqc-multiqc/Yell_July18_Site5ff_S137_L001.fastp-trim.report.json
HTML report: /home/sam/gitrepos/RobertsLab/project-eDNA-yellow/output/01.00-trimming-fastp-fastqc-multiqc/Yell_July18_Site5ff_S137_L001.fastp-trim.report.html

/home/sam/programs/fastp --in1 Yell_July18_Site5ff_S137_R1_001.fastq.gz --in2 Yell_July18_Site5ff_S137_R2_001.fastq.gz --detect_adapter_for_pe --trim_front1 10 --trim_front2 10 --trim_poly_g --thread 4 --html /home/sam/gitrepos/RobertsLab/project-eDNA-yellow/output/01.00-trimming-fastp-fastqc-multiqc/Yell_July18_Site5ff_S137_L001.fastp-trim.report.html --json /home/sam/gitrepos/RobertsLab/project-eDNA-yellow/output/01.00-trimming-fastp-fastqc-multiqc/Yell_July18_Site5ff_S137_L001.fastp-trim.report.json --out1 /home/sam/gitrepos/RobertsLab/project-eDNA-yellow/output/01.00-trimming-fastp-fastqc-multiqc/Yell_July18_Site5ff_S137_L001_R1.fastp-trim.fastq.gz --out2 /home/sam/gitrepos/RobertsLab/project-eDNA-yellow/output/01.00-trimming-fastp-fastqc-multiqc/Yell_July18_Site5ff_S137_L001_R2.fastp-trim.fastq.gz 
fastp v0.24.0, time used: 36 seconds
