Detecting adapter sequence for read1...
No adapter detected for read1

Detecting adapter sequence for read2...
No adapter detected for read2

Read1 before filtering:
total reads: 158246
total bases: 47632046
Q20 bases: 45453115(95.4255%)
Q30 bases: 39669007(83.2822%)

Read2 before filtering:
total reads: 158246
total bases: 47632046
Q20 bases: 45396193(95.306%)
Q30 bases: 40432823(84.8858%)

Read1 after filtering:
total reads: 157518
total bases: 30665326
Q20 bases: 29783463(97.1242%)
Q30 bases: 27207427(88.7237%)

Read2 after filtering:
total reads: 157518
total bases: 30676205
Q20 bases: 29393590(95.8189%)
Q30 bases: 26226188(85.4936%)

Filtering result:
reads passed filter: 315036
reads failed due to low quality: 742
reads failed due to too many N: 0
reads failed due to too short: 714
reads with adapter trimmed: 218718
bases trimmed due to adapters: 16431507

Duplication rate: 12.3618%

Insert size peak (evaluated by paired-end reads): 167

JSON report: /home/sam/gitrepos/RobertsLab/project-eDNA-yellow/output/01.00-trimming-fastp-fastqc-multiqc/Yell_July18_Site1b_S84_L001.fastp-trim.report.json
HTML report: /home/sam/gitrepos/RobertsLab/project-eDNA-yellow/output/01.00-trimming-fastp-fastqc-multiqc/Yell_July18_Site1b_S84_L001.fastp-trim.report.html

/home/sam/programs/fastp --in1 Yell_July18_Site1b_S84_R1_001.fastq.gz --in2 Yell_July18_Site1b_S84_R2_001.fastq.gz --detect_adapter_for_pe --trim_front1 10 --trim_front2 10 --trim_poly_g --thread 4 --html /home/sam/gitrepos/RobertsLab/project-eDNA-yellow/output/01.00-trimming-fastp-fastqc-multiqc/Yell_July18_Site1b_S84_L001.fastp-trim.report.html --json /home/sam/gitrepos/RobertsLab/project-eDNA-yellow/output/01.00-trimming-fastp-fastqc-multiqc/Yell_July18_Site1b_S84_L001.fastp-trim.report.json --out1 /home/sam/gitrepos/RobertsLab/project-eDNA-yellow/output/01.00-trimming-fastp-fastqc-multiqc/Yell_July18_Site1b_S84_L001_R1.fastp-trim.fastq.gz --out2 /home/sam/gitrepos/RobertsLab/project-eDNA-yellow/output/01.00-trimming-fastp-fastqc-multiqc/Yell_July18_Site1b_S84_L001_R2.fastp-trim.fastq.gz 
fastp v0.24.0, time used: 28 seconds
