Detecting adapter sequence for read1...
No adapter detected for read1

Detecting adapter sequence for read2...
No adapter detected for read2

Read1 before filtering:
total reads: 199887
total bases: 60165987
Q20 bases: 56615760(94.0993%)
Q30 bases: 47483740(78.9212%)

Read2 before filtering:
total reads: 199887
total bases: 60165987
Q20 bases: 57055908(94.8308%)
Q30 bases: 50529585(83.9836%)

Read1 after filtering:
total reads: 198637
total bases: 39503160
Q20 bases: 38461201(97.3623%)
Q30 bases: 35498625(89.8627%)

Read2 after filtering:
total reads: 198637
total bases: 39513673
Q20 bases: 37565608(95.0699%)
Q30 bases: 33204382(84.0326%)

Filtering result:
reads passed filter: 397274
reads failed due to low quality: 1650
reads failed due to too many N: 4
reads failed due to too short: 846
reads with adapter trimmed: 270432
bases trimmed due to adapters: 20437326

Duplication rate: 1.88707%

Insert size peak (evaluated by paired-end reads): 167

JSON report: /home/sam/gitrepos/RobertsLab/project-eDNA-yellow/output/01.00-trimming-fastp-fastqc-multiqc/Yell_July18_Site1t_S113_L001.fastp-trim.report.json
HTML report: /home/sam/gitrepos/RobertsLab/project-eDNA-yellow/output/01.00-trimming-fastp-fastqc-multiqc/Yell_July18_Site1t_S113_L001.fastp-trim.report.html

/home/sam/programs/fastp --in1 Yell_July18_Site1t_S113_R1_001.fastq.gz --in2 Yell_July18_Site1t_S113_R2_001.fastq.gz --detect_adapter_for_pe --trim_front1 10 --trim_front2 10 --trim_poly_g --thread 4 --html /home/sam/gitrepos/RobertsLab/project-eDNA-yellow/output/01.00-trimming-fastp-fastqc-multiqc/Yell_July18_Site1t_S113_L001.fastp-trim.report.html --json /home/sam/gitrepos/RobertsLab/project-eDNA-yellow/output/01.00-trimming-fastp-fastqc-multiqc/Yell_July18_Site1t_S113_L001.fastp-trim.report.json --out1 /home/sam/gitrepos/RobertsLab/project-eDNA-yellow/output/01.00-trimming-fastp-fastqc-multiqc/Yell_July18_Site1t_S113_L001_R1.fastp-trim.fastq.gz --out2 /home/sam/gitrepos/RobertsLab/project-eDNA-yellow/output/01.00-trimming-fastp-fastqc-multiqc/Yell_July18_Site1t_S113_L001_R2.fastp-trim.fastq.gz 
fastp v0.24.0, time used: 33 seconds
