Detecting adapter sequence for read1...
No adapter detected for read1

Detecting adapter sequence for read2...
No adapter detected for read2

Read1 before filtering:
total reads: 8723
total bases: 2625623
Q20 bases: 2395198(91.224%)
Q30 bases: 1618875(61.6568%)

Read2 before filtering:
total reads: 8723
total bases: 2625623
Q20 bases: 2485296(94.6555%)
Q30 bases: 2184923(83.2154%)

Read1 after filtering:
total reads: 8561
total bases: 2387267
Q20 bases: 2189936(91.734%)
Q30 bases: 1475147(61.7923%)

Read2 after filtering:
total reads: 8561
total bases: 2389215
Q20 bases: 2260166(94.5987%)
Q30 bases: 1977536(82.7693%)

Filtering result:
reads passed filter: 17122
reads failed due to low quality: 114
reads failed due to too many N: 0
reads failed due to too short: 210
reads with adapter trimmed: 1352
bases trimmed due to adapters: 101114

Duplication rate: 0.0229279%

Insert size peak (evaluated by paired-end reads): 365

JSON report: /home/sam/gitrepos/RobertsLab/project-eDNA-yellow/output/01.00-trimming-fastp-fastqc-multiqc/Yell_July18_Site1J_S99_L001.fastp-trim.report.json
HTML report: /home/sam/gitrepos/RobertsLab/project-eDNA-yellow/output/01.00-trimming-fastp-fastqc-multiqc/Yell_July18_Site1J_S99_L001.fastp-trim.report.html

/home/sam/programs/fastp --in1 Yell_July18_Site1J_S99_R1_001.fastq.gz --in2 Yell_July18_Site1J_S99_R2_001.fastq.gz --detect_adapter_for_pe --trim_front1 10 --trim_front2 10 --trim_poly_g --thread 4 --html /home/sam/gitrepos/RobertsLab/project-eDNA-yellow/output/01.00-trimming-fastp-fastqc-multiqc/Yell_July18_Site1J_S99_L001.fastp-trim.report.html --json /home/sam/gitrepos/RobertsLab/project-eDNA-yellow/output/01.00-trimming-fastp-fastqc-multiqc/Yell_July18_Site1J_S99_L001.fastp-trim.report.json --out1 /home/sam/gitrepos/RobertsLab/project-eDNA-yellow/output/01.00-trimming-fastp-fastqc-multiqc/Yell_July18_Site1J_S99_L001_R1.fastp-trim.fastq.gz --out2 /home/sam/gitrepos/RobertsLab/project-eDNA-yellow/output/01.00-trimming-fastp-fastqc-multiqc/Yell_July18_Site1J_S99_L001_R2.fastp-trim.fastq.gz 
fastp v0.24.0, time used: 1 seconds
