Detecting adapter sequence for read1...
No adapter detected for read1

Detecting adapter sequence for read2...
No adapter detected for read2

Read1 before filtering:
total reads: 70
total bases: 21070
Q20 bases: 20084(95.3204%)
Q30 bases: 17625(83.6497%)

Read2 before filtering:
total reads: 70
total bases: 21070
Q20 bases: 20324(96.4594%)
Q30 bases: 19002(90.1851%)

Read1 after filtering:
total reads: 70
total bases: 11417
Q20 bases: 11102(97.241%)
Q30 bases: 10393(91.0309%)

Read2 after filtering:
total reads: 70
total bases: 11423
Q20 bases: 11095(97.1286%)
Q30 bases: 10414(91.1669%)

Filtering result:
reads passed filter: 140
reads failed due to low quality: 0
reads failed due to too many N: 0
reads failed due to too short: 0
reads with adapter trimmed: 132
bases trimmed due to adapters: 9921

Duplication rate: 2.85714%

Insert size peak (evaluated by paired-end reads): 167

JSON report: /home/sam/gitrepos/RobertsLab/project-eDNA-yellow/output/01.00-trimming-fastp-fastqc-multiqc/Yell_July18_Site5J_S107_L001.fastp-trim.report.json
HTML report: /home/sam/gitrepos/RobertsLab/project-eDNA-yellow/output/01.00-trimming-fastp-fastqc-multiqc/Yell_July18_Site5J_S107_L001.fastp-trim.report.html

/home/sam/programs/fastp --in1 Yell_July18_Site5J_S107_R1_001.fastq.gz --in2 Yell_July18_Site5J_S107_R2_001.fastq.gz --detect_adapter_for_pe --trim_front1 10 --trim_front2 10 --trim_poly_g --thread 4 --html /home/sam/gitrepos/RobertsLab/project-eDNA-yellow/output/01.00-trimming-fastp-fastqc-multiqc/Yell_July18_Site5J_S107_L001.fastp-trim.report.html --json /home/sam/gitrepos/RobertsLab/project-eDNA-yellow/output/01.00-trimming-fastp-fastqc-multiqc/Yell_July18_Site5J_S107_L001.fastp-trim.report.json --out1 /home/sam/gitrepos/RobertsLab/project-eDNA-yellow/output/01.00-trimming-fastp-fastqc-multiqc/Yell_July18_Site5J_S107_L001_R1.fastp-trim.fastq.gz --out2 /home/sam/gitrepos/RobertsLab/project-eDNA-yellow/output/01.00-trimming-fastp-fastqc-multiqc/Yell_July18_Site5J_S107_L001_R2.fastp-trim.fastq.gz 
fastp v0.24.0, time used: 1 seconds
