Detecting adapter sequence for read1...
No adapter detected for read1

Detecting adapter sequence for read2...
No adapter detected for read2

Read1 before filtering:
total reads: 122031
total bases: 36731331
Q20 bases: 35526300(96.7193%)
Q30 bases: 32784966(89.2561%)

Read2 before filtering:
total reads: 122031
total bases: 36731331
Q20 bases: 35012026(95.3192%)
Q30 bases: 31442743(85.602%)

Read1 after filtering:
total reads: 121257
total bases: 23463385
Q20 bases: 22950385(97.8136%)
Q30 bases: 21473371(91.5186%)

Read2 after filtering:
total reads: 121257
total bases: 23470547
Q20 bases: 22433960(95.5835%)
Q30 bases: 20065982(85.4943%)

Filtering result:
reads passed filter: 242514
reads failed due to low quality: 902
reads failed due to too many N: 2
reads failed due to too short: 644
reads with adapter trimmed: 171086
bases trimmed due to adapters: 12858828

Duplication rate: 26.4974%

Insert size peak (evaluated by paired-end reads): 167

JSON report: /home/sam/gitrepos/RobertsLab/project-eDNA-yellow/output/01.00-trimming-fastp-fastqc-multiqc/Yell_July18_Site5m_S110_L001.fastp-trim.report.json
HTML report: /home/sam/gitrepos/RobertsLab/project-eDNA-yellow/output/01.00-trimming-fastp-fastqc-multiqc/Yell_July18_Site5m_S110_L001.fastp-trim.report.html

/home/sam/programs/fastp --in1 Yell_July18_Site5m_S110_R1_001.fastq.gz --in2 Yell_July18_Site5m_S110_R2_001.fastq.gz --detect_adapter_for_pe --trim_front1 10 --trim_front2 10 --trim_poly_g --thread 4 --html /home/sam/gitrepos/RobertsLab/project-eDNA-yellow/output/01.00-trimming-fastp-fastqc-multiqc/Yell_July18_Site5m_S110_L001.fastp-trim.report.html --json /home/sam/gitrepos/RobertsLab/project-eDNA-yellow/output/01.00-trimming-fastp-fastqc-multiqc/Yell_July18_Site5m_S110_L001.fastp-trim.report.json --out1 /home/sam/gitrepos/RobertsLab/project-eDNA-yellow/output/01.00-trimming-fastp-fastqc-multiqc/Yell_July18_Site5m_S110_L001_R1.fastp-trim.fastq.gz --out2 /home/sam/gitrepos/RobertsLab/project-eDNA-yellow/output/01.00-trimming-fastp-fastqc-multiqc/Yell_July18_Site5m_S110_L001_R2.fastp-trim.fastq.gz 
fastp v0.24.0, time used: 18 seconds
