Detecting adapter sequence for read1...
No adapter detected for read1

Detecting adapter sequence for read2...
No adapter detected for read2

Read1 before filtering:
total reads: 167884
total bases: 50533084
Q20 bases: 48218710(95.4201%)
Q30 bases: 42196426(83.5026%)

Read2 before filtering:
total reads: 167884
total bases: 50533084
Q20 bases: 48144748(95.2737%)
Q30 bases: 42949704(84.9932%)

Read1 after filtering:
total reads: 167003
total bases: 31678388
Q20 bases: 30661258(96.7892%)
Q30 bases: 27614103(87.1702%)

Read2 after filtering:
total reads: 167003
total bases: 31692055
Q20 bases: 30366952(95.8188%)
Q30 bases: 27045445(85.3382%)

Filtering result:
reads passed filter: 334006
reads failed due to low quality: 800
reads failed due to too many N: 0
reads failed due to too short: 962
reads with adapter trimmed: 220658
bases trimmed due to adapters: 16595426

Duplication rate: 15.0753%

Insert size peak (evaluated by paired-end reads): 167

JSON report: /home/sam/gitrepos/RobertsLab/project-eDNA-yellow/output/01.00-trimming-fastp-fastqc-multiqc/Yell_July18_Site1m_S102_L001.fastp-trim.report.json
HTML report: /home/sam/gitrepos/RobertsLab/project-eDNA-yellow/output/01.00-trimming-fastp-fastqc-multiqc/Yell_July18_Site1m_S102_L001.fastp-trim.report.html

/home/sam/programs/fastp --in1 Yell_July18_Site1m_S102_R1_001.fastq.gz --in2 Yell_July18_Site1m_S102_R2_001.fastq.gz --detect_adapter_for_pe --trim_front1 20 --trim_front2 20 --trim_poly_g --thread 4 --html /home/sam/gitrepos/RobertsLab/project-eDNA-yellow/output/01.00-trimming-fastp-fastqc-multiqc/Yell_July18_Site1m_S102_L001.fastp-trim.report.html --json /home/sam/gitrepos/RobertsLab/project-eDNA-yellow/output/01.00-trimming-fastp-fastqc-multiqc/Yell_July18_Site1m_S102_L001.fastp-trim.report.json --out1 /home/sam/gitrepos/RobertsLab/project-eDNA-yellow/output/01.00-trimming-fastp-fastqc-multiqc/Yell_July18_Site1m_S102_L001_R1.fastp-trim.fastq.gz --out2 /home/sam/gitrepos/RobertsLab/project-eDNA-yellow/output/01.00-trimming-fastp-fastqc-multiqc/Yell_July18_Site1m_S102_L001_R2.fastp-trim.fastq.gz 
fastp v0.24.0, time used: 22 seconds
