Detecting adapter sequence for read1...
No adapter detected for read1

Detecting adapter sequence for read2...
No adapter detected for read2

Read1 before filtering:
total reads: 203100
total bases: 61133100
Q20 bases: 58683110(95.9924%)
Q30 bases: 52792953(86.3574%)

Read2 before filtering:
total reads: 203100
total bases: 61133100
Q20 bases: 57880037(94.6787%)
Q30 bases: 51418976(84.1099%)

Read1 after filtering:
total reads: 200926
total bases: 34659110
Q20 bases: 33828709(97.6041%)
Q30 bases: 31462639(90.7774%)

Read2 after filtering:
total reads: 200926
total bases: 34705544
Q20 bases: 32795511(94.4965%)
Q30 bases: 28781488(82.9305%)

Filtering result:
reads passed filter: 401852
reads failed due to low quality: 2466
reads failed due to too many N: 2
reads failed due to too short: 1880
reads with adapter trimmed: 316598
bases trimmed due to adapters: 23820359

Duplication rate: 24.3747%

Insert size peak (evaluated by paired-end reads): 167

JSON report: /home/sam/gitrepos/RobertsLab/project-eDNA-yellow/output/01.00-trimming-fastp-fastqc-multiqc/Yell_July18_Site5b_S88_L001.fastp-trim.report.json
HTML report: /home/sam/gitrepos/RobertsLab/project-eDNA-yellow/output/01.00-trimming-fastp-fastqc-multiqc/Yell_July18_Site5b_S88_L001.fastp-trim.report.html

/home/sam/programs/fastp --in1 Yell_July18_Site5b_S88_R1_001.fastq.gz --in2 Yell_July18_Site5b_S88_R2_001.fastq.gz --detect_adapter_for_pe --trim_front1 10 --trim_front2 10 --trim_poly_g --thread 4 --html /home/sam/gitrepos/RobertsLab/project-eDNA-yellow/output/01.00-trimming-fastp-fastqc-multiqc/Yell_July18_Site5b_S88_L001.fastp-trim.report.html --json /home/sam/gitrepos/RobertsLab/project-eDNA-yellow/output/01.00-trimming-fastp-fastqc-multiqc/Yell_July18_Site5b_S88_L001.fastp-trim.report.json --out1 /home/sam/gitrepos/RobertsLab/project-eDNA-yellow/output/01.00-trimming-fastp-fastqc-multiqc/Yell_July18_Site5b_S88_L001_R1.fastp-trim.fastq.gz --out2 /home/sam/gitrepos/RobertsLab/project-eDNA-yellow/output/01.00-trimming-fastp-fastqc-multiqc/Yell_July18_Site5b_S88_L001_R2.fastp-trim.fastq.gz 
fastp v0.24.0, time used: 27 seconds
