Detecting adapter sequence for read1...
No adapter detected for read1

Detecting adapter sequence for read2...
No adapter detected for read2

Read1 before filtering:
total reads: 349213
total bases: 105113113
Q20 bases: 101325793(96.3969%)
Q30 bases: 91997974(87.5228%)

Read2 before filtering:
total reads: 349213
total bases: 105113113
Q20 bases: 100951599(96.0409%)
Q30 bases: 92409089(87.9139%)

Read1 after filtering:
total reads: 347948
total bases: 53187853
Q20 bases: 52055849(97.8717%)
Q30 bases: 48914683(91.9659%)

Read2 after filtering:
total reads: 347948
total bases: 53232491
Q20 bases: 51764730(97.2427%)
Q30 bases: 48208071(90.5614%)

Filtering result:
reads passed filter: 695896
reads failed due to low quality: 1640
reads failed due to too many N: 10
reads failed due to too short: 880
reads with adapter trimmed: 668316
bases trimmed due to adapters: 49793661

Duplication rate: 40.463%

Insert size peak (evaluated by paired-end reads): 173

JSON report: /home/sam/gitrepos/RobertsLab/project-eDNA-yellow/output/01.00-trimming-fastp-fastqc-multiqc/Yell_July18_Site5e_S95_L001.fastp-trim.report.json
HTML report: /home/sam/gitrepos/RobertsLab/project-eDNA-yellow/output/01.00-trimming-fastp-fastqc-multiqc/Yell_July18_Site5e_S95_L001.fastp-trim.report.html

/home/sam/programs/fastp --in1 Yell_July18_Site5e_S95_R1_001.fastq.gz --in2 Yell_July18_Site5e_S95_R2_001.fastq.gz --detect_adapter_for_pe --trim_front1 20 --trim_front2 20 --trim_poly_g --thread 4 --html /home/sam/gitrepos/RobertsLab/project-eDNA-yellow/output/01.00-trimming-fastp-fastqc-multiqc/Yell_July18_Site5e_S95_L001.fastp-trim.report.html --json /home/sam/gitrepos/RobertsLab/project-eDNA-yellow/output/01.00-trimming-fastp-fastqc-multiqc/Yell_July18_Site5e_S95_L001.fastp-trim.report.json --out1 /home/sam/gitrepos/RobertsLab/project-eDNA-yellow/output/01.00-trimming-fastp-fastqc-multiqc/Yell_July18_Site5e_S95_L001_R1.fastp-trim.fastq.gz --out2 /home/sam/gitrepos/RobertsLab/project-eDNA-yellow/output/01.00-trimming-fastp-fastqc-multiqc/Yell_July18_Site5e_S95_L001_R2.fastp-trim.fastq.gz 
fastp v0.24.0, time used: 27 seconds
