Detecting adapter sequence for read1...
No adapter detected for read1

Detecting adapter sequence for read2...
No adapter detected for read2

Read1 before filtering:
total reads: 241568
total bases: 72711968
Q20 bases: 69189442(95.1555%)
Q30 bases: 59708034(82.1158%)

Read2 before filtering:
total reads: 241568
total bases: 72711968
Q20 bases: 69239488(95.2243%)
Q30 bases: 61568709(84.6748%)

Read1 after filtering:
total reads: 240222
total bases: 45427273
Q20 bases: 44265973(97.4436%)
Q30 bases: 40991553(90.2356%)

Read2 after filtering:
total reads: 240222
total bases: 45449044
Q20 bases: 43483399(95.6751%)
Q30 bases: 38655908(85.0533%)

Filtering result:
reads passed filter: 480444
reads failed due to low quality: 1450
reads failed due to too many N: 6
reads failed due to too short: 1236
reads with adapter trimmed: 354568
bases trimmed due to adapters: 26679168

Duplication rate: 11.5611%

Insert size peak (evaluated by paired-end reads): 167

JSON report: /home/sam/gitrepos/RobertsLab/project-eDNA-yellow/output/01.00-trimming-fastp-fastqc-multiqc/Yell_July18_Site1n_S103_L001.fastp-trim.report.json
HTML report: /home/sam/gitrepos/RobertsLab/project-eDNA-yellow/output/01.00-trimming-fastp-fastqc-multiqc/Yell_July18_Site1n_S103_L001.fastp-trim.report.html

/home/sam/programs/fastp --in1 Yell_July18_Site1n_S103_R1_001.fastq.gz --in2 Yell_July18_Site1n_S103_R2_001.fastq.gz --detect_adapter_for_pe --trim_front1 10 --trim_front2 10 --trim_poly_g --thread 4 --html /home/sam/gitrepos/RobertsLab/project-eDNA-yellow/output/01.00-trimming-fastp-fastqc-multiqc/Yell_July18_Site1n_S103_L001.fastp-trim.report.html --json /home/sam/gitrepos/RobertsLab/project-eDNA-yellow/output/01.00-trimming-fastp-fastqc-multiqc/Yell_July18_Site1n_S103_L001.fastp-trim.report.json --out1 /home/sam/gitrepos/RobertsLab/project-eDNA-yellow/output/01.00-trimming-fastp-fastqc-multiqc/Yell_July18_Site1n_S103_L001_R1.fastp-trim.fastq.gz --out2 /home/sam/gitrepos/RobertsLab/project-eDNA-yellow/output/01.00-trimming-fastp-fastqc-multiqc/Yell_July18_Site1n_S103_L001_R2.fastp-trim.fastq.gz 
fastp v0.24.0, time used: 31 seconds
