Detecting adapter sequence for read1...
No adapter detected for read1

Detecting adapter sequence for read2...
No adapter detected for read2

Read1 before filtering:
total reads: 377307
total bases: 113569407
Q20 bases: 108866692(95.8592%)
Q30 bases: 97741781(86.0635%)

Read2 before filtering:
total reads: 377307
total bases: 113569407
Q20 bases: 108860084(95.8534%)
Q30 bases: 99197751(87.3455%)

Read1 after filtering:
total reads: 375753
total bases: 59022026
Q20 bases: 57708867(97.7751%)
Q30 bases: 54113559(91.6837%)

Read2 after filtering:
total reads: 375753
total bases: 59081276
Q20 bases: 57402439(97.1584%)
Q30 bases: 53451862(90.4717%)

Filtering result:
reads passed filter: 751506
reads failed due to low quality: 1752
reads failed due to too many N: 4
reads failed due to too short: 1352
reads with adapter trimmed: 741822
bases trimmed due to adapters: 55622164

Duplication rate: 36.5617%

Insert size peak (evaluated by paired-end reads): 167

JSON report: /home/sam/gitrepos/RobertsLab/project-eDNA-yellow/output/01.00-trimming-fastp-fastqc-multiqc/Yell_July18_Site5h_S98_L001.fastp-trim.report.json
HTML report: /home/sam/gitrepos/RobertsLab/project-eDNA-yellow/output/01.00-trimming-fastp-fastqc-multiqc/Yell_July18_Site5h_S98_L001.fastp-trim.report.html

/home/sam/programs/fastp --in1 Yell_July18_Site5h_S98_R1_001.fastq.gz --in2 Yell_July18_Site5h_S98_R2_001.fastq.gz --detect_adapter_for_pe --trim_front1 10 --trim_front2 10 --trim_poly_g --thread 4 --html /home/sam/gitrepos/RobertsLab/project-eDNA-yellow/output/01.00-trimming-fastp-fastqc-multiqc/Yell_July18_Site5h_S98_L001.fastp-trim.report.html --json /home/sam/gitrepos/RobertsLab/project-eDNA-yellow/output/01.00-trimming-fastp-fastqc-multiqc/Yell_July18_Site5h_S98_L001.fastp-trim.report.json --out1 /home/sam/gitrepos/RobertsLab/project-eDNA-yellow/output/01.00-trimming-fastp-fastqc-multiqc/Yell_July18_Site5h_S98_L001_R1.fastp-trim.fastq.gz --out2 /home/sam/gitrepos/RobertsLab/project-eDNA-yellow/output/01.00-trimming-fastp-fastqc-multiqc/Yell_July18_Site5h_S98_L001_R2.fastp-trim.fastq.gz 
fastp v0.24.0, time used: 33 seconds
